2020-11-27 00:31:17.233 [main] INFO  com.ltz.news.UserApplication - No active profile set, falling back to default profiles: default
2020-11-27 00:31:21.234 [main] INFO  o.s.d.r.c.RepositoryConfigurationDelegate - Multiple Spring Data modules found, entering strict repository configuration mode!
2020-11-27 00:31:21.248 [main] INFO  o.s.d.r.c.RepositoryConfigurationDelegate - Bootstrapping Spring Data Redis repositories in DEFAULT mode.
2020-11-27 00:31:21.570 [main] INFO  o.s.d.r.c.RepositoryConfigurationDelegate - Finished Spring Data repository scanning in 239ms. Found 0 Redis repository interfaces.
2020-11-27 00:31:21.977 [main] WARN  o.m.s.mapper.ClassPathMapperScanner - No MyBatis mapper was found in '[com.ltz.news]' package. Please check your configuration.
2020-11-27 00:31:22.156 [main] INFO  o.s.cloud.context.scope.GenericScope - BeanFactory id=400773e0-24d3-301b-b517-68788d365bb9
2020-11-27 00:31:23.950 [main] INFO  o.s.b.w.e.tomcat.TomcatWebServer - Tomcat initialized with port(s): 8003 (http)
2020-11-27 00:31:23.983 [main] INFO  o.a.coyote.http11.Http11NioProtocol - Initializing ProtocolHandler ["http-nio-8003"]
2020-11-27 00:31:23.984 [main] INFO  o.a.catalina.core.StandardService - Starting service [Tomcat]
2020-11-27 00:31:23.984 [main] INFO  o.a.catalina.core.StandardEngine - Starting Servlet engine: [Apache Tomcat/9.0.36]
2020-11-27 00:31:24.474 [main] INFO  o.a.c.c.C.[Tomcat].[localhost].[/] - Initializing Spring embedded WebApplicationContext
2020-11-27 00:31:24.474 [main] INFO  o.s.b.w.s.c.ServletWebServerApplicationContext - Root WebApplicationContext: initialization completed in 7208 ms
2020-11-27 00:31:26.862 [main] INFO  s.d.s.w.PropertySourcedRequestMappingHandlerMapping - Mapped URL path [/v2/api-docs] onto method [springfox.documentation.swagger2.web.Swagger2Controller#getDocumentation(String, HttpServletRequest)]
2020-11-27 00:31:26.958 [main] WARN  c.n.c.sources.URLConfigurationSource - No URLs will be polled as dynamic configuration sources.
2020-11-27 00:31:26.959 [main] INFO  c.n.c.sources.URLConfigurationSource - To enable URLs as dynamic configuration sources, define System property archaius.configurationSource.additionalUrls or make config.properties available on classpath.
2020-11-27 00:31:26.969 [main] WARN  c.n.c.sources.URLConfigurationSource - No URLs will be polled as dynamic configuration sources.
2020-11-27 00:31:26.969 [main] INFO  c.n.c.sources.URLConfigurationSource - To enable URLs as dynamic configuration sources, define System property archaius.configurationSource.additionalUrls or make config.properties available on classpath.
2020-11-27 00:31:27.230 [main] INFO  o.s.s.c.ThreadPoolTaskExecutor - Initializing ExecutorService 'applicationTaskExecutor'
2020-11-27 00:31:27.433 [main] INFO  t.m.m.a.MapperCacheDisabler - Clear tk.mybatis.mapper.util.MsUtil CLASS_CACHE cache.
2020-11-27 00:31:27.434 [main] INFO  t.m.m.a.MapperCacheDisabler - Clear tk.mybatis.mapper.genid.GenIdUtil CACHE cache.
2020-11-27 00:31:27.435 [main] INFO  t.m.m.a.MapperCacheDisabler - Clear tk.mybatis.mapper.version.VersionUtil CACHE cache.
2020-11-27 00:31:27.435 [main] INFO  t.m.m.a.MapperCacheDisabler - Clear EntityHelper entityTableMap cache.
2020-11-27 00:31:30.292 [main] INFO  o.s.cloud.commons.util.InetUtils - Cannot determine local hostname
2020-11-27 00:31:31.751 [main] INFO  o.a.coyote.http11.Http11NioProtocol - Starting ProtocolHandler ["http-nio-8003"]
2020-11-27 00:31:31.905 [main] INFO  o.s.b.w.e.tomcat.TomcatWebServer - Tomcat started on port(s): 8003 (http) with context path ''
2020-11-27 00:31:38.582 [main] INFO  o.s.cloud.commons.util.InetUtils - Cannot determine local hostname
2020-11-27 00:31:38.586 [main] INFO  s.d.s.w.p.DocumentationPluginsBootstrapper - Context refreshed
2020-11-27 00:31:38.656 [main] INFO  s.d.s.w.p.DocumentationPluginsBootstrapper - Found 1 custom documentation plugin(s)
2020-11-27 00:31:38.844 [main] INFO  s.d.s.w.s.ApiListingReferenceScanner - Scanning for api listing references
2020-11-27 00:31:41.469 [main] INFO  com.ltz.news.UserApplication - Started UserApplication in 29.799 seconds (JVM running for 32.052)
2020-11-27 00:35:14.558 [http-nio-8003-exec-1] INFO  o.a.c.c.C.[Tomcat].[localhost].[/] - Initializing Spring DispatcherServlet 'dispatcherServlet'
2020-11-27 00:35:14.559 [http-nio-8003-exec-1] INFO  o.s.web.servlet.DispatcherServlet - Initializing Servlet 'dispatcherServlet'
2020-11-27 00:35:14.569 [http-nio-8003-exec-1] INFO  o.s.web.servlet.DispatcherServlet - Completed initialization in 10 ms
2020-11-27 00:35:16.242 [http-nio-8003-exec-1] INFO  com.ltz.news.aspect.ServiceLogAspect - ==== 开始执行 class com.ltz.news.service.impl.PassportServiceImpl.getSMSCode====
2020-11-27 00:35:16.262 [http-nio-8003-exec-1] INFO  com.ltz.news.aspect.ServiceLogAspect - 当前执行耗时：20
2020-11-27 00:35:28.400 [http-nio-8003-exec-8] INFO  com.ltz.news.aspect.ServiceLogAspect - ==== 开始执行 class com.ltz.news.service.impl.PassportServiceImpl.doLogin====
2020-11-27 00:35:28.406 [http-nio-8003-exec-8] INFO  com.ltz.news.aspect.ServiceLogAspect - ==== 开始执行 class com.ltz.news.service.impl.UserServiceImpl.queryMobileIsExist====
2020-11-27 00:35:28.673 [http-nio-8003-exec-8] INFO  com.zaxxer.hikari.HikariDataSource - DateSourceHikariCP - Starting...
2020-11-27 00:35:28.995 [http-nio-8003-exec-8] INFO  com.zaxxer.hikari.HikariDataSource - DateSourceHikariCP - Start completed.
2020-11-27 00:35:29.062 [http-nio-8003-exec-8] INFO  com.ltz.news.aspect.ServiceLogAspect - 当前执行耗时：656
2020-11-27 00:35:29.086 [http-nio-8003-exec-8] INFO  com.ltz.news.aspect.ServiceLogAspect - 当前执行耗时：686
2020-11-27 00:35:29.411 [http-nio-8003-exec-9] INFO  com.ltz.news.aspect.ServiceLogAspect - ==== 开始执行 class com.ltz.news.service.impl.UserServiceImpl.getUserInfo====
2020-11-27 00:35:29.431 [http-nio-8003-exec-9] INFO  com.ltz.news.aspect.ServiceLogAspect - 当前执行耗时：20
2020-11-27 00:35:40.896 [http-nio-8003-exec-6] INFO  com.ltz.news.aspect.ServiceLogAspect - ==== 开始执行 class com.ltz.news.service.impl.UserServiceImpl.getUserInfo====
2020-11-27 00:35:40.896 [http-nio-8003-exec-7] INFO  com.ltz.news.aspect.ServiceLogAspect - ==== 开始执行 class com.ltz.news.service.impl.UserServiceImpl.getUserInfo====
2020-11-27 00:35:40.920 [http-nio-8003-exec-6] INFO  com.ltz.news.aspect.ServiceLogAspect - 当前执行耗时：24
2020-11-27 00:35:40.921 [http-nio-8003-exec-7] INFO  com.ltz.news.aspect.ServiceLogAspect - 当前执行耗时：24
2020-11-27 00:35:42.937 [http-nio-8003-exec-4] INFO  com.ltz.news.aspect.ServiceLogAspect - ==== 开始执行 class com.ltz.news.service.impl.UserServiceImpl.getUserInfo====
2020-11-27 00:35:42.938 [http-nio-8003-exec-4] INFO  com.ltz.news.aspect.ServiceLogAspect - 当前执行耗时：1
2020-11-27 00:35:44.614 [http-nio-8003-exec-5] INFO  com.ltz.news.aspect.ServiceLogAspect - ==== 开始执行 class com.ltz.news.service.impl.UserServiceImpl.getUserInfo====
2020-11-27 00:35:44.616 [http-nio-8003-exec-5] INFO  com.ltz.news.aspect.ServiceLogAspect - 当前执行耗时：2
2020-11-27 00:35:44.669 [http-nio-8003-exec-9] ERROR o.a.c.c.C.[.[.[.[dispatcherServlet] - Servlet.service() for servlet [dispatcherServlet] in context with path [] threw exception [Request processing failed; nested exception is java.lang.NullPointerException] with root cause
java.lang.NullPointerException: null
	at com.ltz.news.interceptors.BaseInterceptor.verifyUserIdToken(BaseInterceptor.java:30)
	at com.ltz.news.interceptors.UserTokenInterceptor.preHandle(UserTokenInterceptor.java:25)
	at org.springframework.web.servlet.HandlerExecutionChain.applyPreHandle(HandlerExecutionChain.java:141)
	at org.springframework.web.servlet.DispatcherServlet.doDispatch(DispatcherServlet.java:1035)
	at org.springframework.web.servlet.DispatcherServlet.doService(DispatcherServlet.java:943)
	at org.springframework.web.servlet.FrameworkServlet.processRequest(FrameworkServlet.java:1006)
	at org.springframework.web.servlet.FrameworkServlet.doPost(FrameworkServlet.java:909)
	at javax.servlet.http.HttpServlet.service(HttpServlet.java:660)
	at org.springframework.web.servlet.FrameworkServlet.service(FrameworkServlet.java:883)
	at javax.servlet.http.HttpServlet.service(HttpServlet.java:741)
	at org.apache.catalina.core.ApplicationFilterChain.internalDoFilter(ApplicationFilterChain.java:231)
	at org.apache.catalina.core.ApplicationFilterChain.doFilter(ApplicationFilterChain.java:166)
	at org.apache.tomcat.websocket.server.WsFilter.doFilter(WsFilter.java:53)
	at org.apache.catalina.core.ApplicationFilterChain.internalDoFilter(ApplicationFilterChain.java:193)
	at org.apache.catalina.core.ApplicationFilterChain.doFilter(ApplicationFilterChain.java:166)
	at org.springframework.web.filter.CorsFilter.doFilterInternal(CorsFilter.java:92)
	at org.springframework.web.filter.OncePerRequestFilter.doFilter(OncePerRequestFilter.java:119)
	at org.apache.catalina.core.ApplicationFilterChain.internalDoFilter(ApplicationFilterChain.java:193)
	at org.apache.catalina.core.ApplicationFilterChain.doFilter(ApplicationFilterChain.java:166)
	at org.springframework.web.filter.RequestContextFilter.doFilterInternal(RequestContextFilter.java:100)
	at org.springframework.web.filter.OncePerRequestFilter.doFilter(OncePerRequestFilter.java:119)
	at org.apache.catalina.core.ApplicationFilterChain.internalDoFilter(ApplicationFilterChain.java:193)
	at org.apache.catalina.core.ApplicationFilterChain.doFilter(ApplicationFilterChain.java:166)
	at org.springframework.web.filter.FormContentFilter.doFilterInternal(FormContentFilter.java:93)
	at org.springframework.web.filter.OncePerRequestFilter.doFilter(OncePerRequestFilter.java:119)
	at org.apache.catalina.core.ApplicationFilterChain.internalDoFilter(ApplicationFilterChain.java:193)
	at org.apache.catalina.core.ApplicationFilterChain.doFilter(ApplicationFilterChain.java:166)
	at org.springframework.web.filter.CharacterEncodingFilter.doFilterInternal(CharacterEncodingFilter.java:201)
	at org.springframework.web.filter.OncePerRequestFilter.doFilter(OncePerRequestFilter.java:119)
	at org.apache.catalina.core.ApplicationFilterChain.internalDoFilter(ApplicationFilterChain.java:193)
	at org.apache.catalina.core.ApplicationFilterChain.doFilter(ApplicationFilterChain.java:166)
	at org.apache.catalina.core.StandardWrapperValve.invoke(StandardWrapperValve.java:202)
	at org.apache.catalina.core.StandardContextValve.invoke(StandardContextValve.java:96)
	at org.apache.catalina.authenticator.AuthenticatorBase.invoke(AuthenticatorBase.java:541)
	at org.apache.catalina.core.StandardHostValve.invoke(StandardHostValve.java:139)
	at org.apache.catalina.valves.ErrorReportValve.invoke(ErrorReportValve.java:92)
	at org.apache.catalina.core.StandardEngineValve.invoke(StandardEngineValve.java:74)
	at org.apache.catalina.connector.CoyoteAdapter.service(CoyoteAdapter.java:343)
	at org.apache.coyote.http11.Http11Processor.service(Http11Processor.java:373)
	at org.apache.coyote.AbstractProcessorLight.process(AbstractProcessorLight.java:65)
	at org.apache.coyote.AbstractProtocol$ConnectionHandler.process(AbstractProtocol.java:868)
	at org.apache.tomcat.util.net.NioEndpoint$SocketProcessor.doRun(NioEndpoint.java:1590)
	at org.apache.tomcat.util.net.SocketProcessorBase.run(SocketProcessorBase.java:49)
	at java.util.concurrent.ThreadPoolExecutor.runWorker(ThreadPoolExecutor.java:1149)
	at java.util.concurrent.ThreadPoolExecutor$Worker.run(ThreadPoolExecutor.java:624)
	at org.apache.tomcat.util.threads.TaskThread$WrappingRunnable.run(TaskThread.java:61)
	at java.lang.Thread.run(Thread.java:748)
2020-11-27 00:37:14.251 [http-nio-8003-exec-1] INFO  com.ltz.news.aspect.ServiceLogAspect - ==== 开始执行 class com.ltz.news.service.impl.UserServiceImpl.getUserInfo====
2020-11-27 00:37:14.252 [http-nio-8003-exec-10] ERROR o.a.c.c.C.[.[.[.[dispatcherServlet] - Servlet.service() for servlet [dispatcherServlet] in context with path [] threw exception [Request processing failed; nested exception is java.lang.NullPointerException] with root cause
java.lang.NullPointerException: null
	at com.ltz.news.interceptors.BaseInterceptor.verifyUserIdToken(BaseInterceptor.java:30)
	at com.ltz.news.interceptors.UserTokenInterceptor.preHandle(UserTokenInterceptor.java:25)
	at org.springframework.web.servlet.HandlerExecutionChain.applyPreHandle(HandlerExecutionChain.java:141)
	at org.springframework.web.servlet.DispatcherServlet.doDispatch(DispatcherServlet.java:1035)
	at org.springframework.web.servlet.DispatcherServlet.doService(DispatcherServlet.java:943)
	at org.springframework.web.servlet.FrameworkServlet.processRequest(FrameworkServlet.java:1006)
	at org.springframework.web.servlet.FrameworkServlet.doPost(FrameworkServlet.java:909)
	at javax.servlet.http.HttpServlet.service(HttpServlet.java:660)
	at org.springframework.web.servlet.FrameworkServlet.service(FrameworkServlet.java:883)
	at javax.servlet.http.HttpServlet.service(HttpServlet.java:741)
	at org.apache.catalina.core.ApplicationFilterChain.internalDoFilter(ApplicationFilterChain.java:231)
	at org.apache.catalina.core.ApplicationFilterChain.doFilter(ApplicationFilterChain.java:166)
	at org.apache.tomcat.websocket.server.WsFilter.doFilter(WsFilter.java:53)
	at org.apache.catalina.core.ApplicationFilterChain.internalDoFilter(ApplicationFilterChain.java:193)
	at org.apache.catalina.core.ApplicationFilterChain.doFilter(ApplicationFilterChain.java:166)
	at org.springframework.web.filter.CorsFilter.doFilterInternal(CorsFilter.java:92)
	at org.springframework.web.filter.OncePerRequestFilter.doFilter(OncePerRequestFilter.java:119)
	at org.apache.catalina.core.ApplicationFilterChain.internalDoFilter(ApplicationFilterChain.java:193)
	at org.apache.catalina.core.ApplicationFilterChain.doFilter(ApplicationFilterChain.java:166)
	at org.springframework.web.filter.RequestContextFilter.doFilterInternal(RequestContextFilter.java:100)
	at org.springframework.web.filter.OncePerRequestFilter.doFilter(OncePerRequestFilter.java:119)
	at org.apache.catalina.core.ApplicationFilterChain.internalDoFilter(ApplicationFilterChain.java:193)
	at org.apache.catalina.core.ApplicationFilterChain.doFilter(ApplicationFilterChain.java:166)
	at org.springframework.web.filter.FormContentFilter.doFilterInternal(FormContentFilter.java:93)
	at org.springframework.web.filter.OncePerRequestFilter.doFilter(OncePerRequestFilter.java:119)
	at org.apache.catalina.core.ApplicationFilterChain.internalDoFilter(ApplicationFilterChain.java:193)
	at org.apache.catalina.core.ApplicationFilterChain.doFilter(ApplicationFilterChain.java:166)
	at org.springframework.web.filter.CharacterEncodingFilter.doFilterInternal(CharacterEncodingFilter.java:201)
	at org.springframework.web.filter.OncePerRequestFilter.doFilter(OncePerRequestFilter.java:119)
	at org.apache.catalina.core.ApplicationFilterChain.internalDoFilter(ApplicationFilterChain.java:193)
	at org.apache.catalina.core.ApplicationFilterChain.doFilter(ApplicationFilterChain.java:166)
	at org.apache.catalina.core.StandardWrapperValve.invoke(StandardWrapperValve.java:202)
	at org.apache.catalina.core.StandardContextValve.invoke(StandardContextValve.java:96)
	at org.apache.catalina.authenticator.AuthenticatorBase.invoke(AuthenticatorBase.java:541)
	at org.apache.catalina.core.StandardHostValve.invoke(StandardHostValve.java:139)
	at org.apache.catalina.valves.ErrorReportValve.invoke(ErrorReportValve.java:92)
	at org.apache.catalina.core.StandardEngineValve.invoke(StandardEngineValve.java:74)
	at org.apache.catalina.connector.CoyoteAdapter.service(CoyoteAdapter.java:343)
	at org.apache.coyote.http11.Http11Processor.service(Http11Processor.java:373)
	at org.apache.coyote.AbstractProcessorLight.process(AbstractProcessorLight.java:65)
	at org.apache.coyote.AbstractProtocol$ConnectionHandler.process(AbstractProtocol.java:868)
	at org.apache.tomcat.util.net.NioEndpoint$SocketProcessor.doRun(NioEndpoint.java:1590)
	at org.apache.tomcat.util.net.SocketProcessorBase.run(SocketProcessorBase.java:49)
	at java.util.concurrent.ThreadPoolExecutor.runWorker(ThreadPoolExecutor.java:1149)
	at java.util.concurrent.ThreadPoolExecutor$Worker.run(ThreadPoolExecutor.java:624)
	at org.apache.tomcat.util.threads.TaskThread$WrappingRunnable.run(TaskThread.java:61)
	at java.lang.Thread.run(Thread.java:748)
2020-11-27 00:37:14.253 [http-nio-8003-exec-1] INFO  com.ltz.news.aspect.ServiceLogAspect - 当前执行耗时：2
2020-11-27 00:37:44.249 [http-nio-8003-exec-4] INFO  com.ltz.news.aspect.ServiceLogAspect - ==== 开始执行 class com.ltz.news.service.impl.PassportServiceImpl.getSMSCode====
2020-11-27 00:37:44.254 [http-nio-8003-exec-4] INFO  com.ltz.news.aspect.ServiceLogAspect - 当前执行耗时：5
2020-11-27 00:37:54.241 [http-nio-8003-exec-5] INFO  com.ltz.news.aspect.ServiceLogAspect - ==== 开始执行 class com.ltz.news.service.impl.PassportServiceImpl.doLogin====
2020-11-27 00:37:54.242 [http-nio-8003-exec-5] INFO  com.ltz.news.aspect.ServiceLogAspect - ==== 开始执行 class com.ltz.news.service.impl.UserServiceImpl.queryMobileIsExist====
2020-11-27 00:37:54.250 [http-nio-8003-exec-5] INFO  com.ltz.news.aspect.ServiceLogAspect - 当前执行耗时：7
2020-11-27 00:37:54.254 [http-nio-8003-exec-5] INFO  com.ltz.news.aspect.ServiceLogAspect - 当前执行耗时：13
2020-11-27 00:37:54.526 [http-nio-8003-exec-9] INFO  com.ltz.news.aspect.ServiceLogAspect - ==== 开始执行 class com.ltz.news.service.impl.UserServiceImpl.getUserInfo====
2020-11-27 00:37:54.527 [http-nio-8003-exec-9] INFO  com.ltz.news.aspect.ServiceLogAspect - 当前执行耗时：1
2020-11-27 00:37:56.413 [http-nio-8003-exec-3] INFO  com.ltz.news.aspect.ServiceLogAspect - ==== 开始执行 class com.ltz.news.service.impl.UserServiceImpl.getUserInfo====
2020-11-27 00:37:56.414 [http-nio-8003-exec-3] INFO  com.ltz.news.aspect.ServiceLogAspect - 当前执行耗时：1
2020-11-27 00:37:56.415 [http-nio-8003-exec-2] INFO  com.ltz.news.aspect.ServiceLogAspect - ==== 开始执行 class com.ltz.news.service.impl.UserServiceImpl.getUserInfo====
2020-11-27 00:37:56.419 [http-nio-8003-exec-2] INFO  com.ltz.news.aspect.ServiceLogAspect - 当前执行耗时：4
2020-11-27 00:37:57.346 [http-nio-8003-exec-10] INFO  com.ltz.news.aspect.ServiceLogAspect - ==== 开始执行 class com.ltz.news.service.impl.UserServiceImpl.getUserInfo====
2020-11-27 00:37:57.348 [http-nio-8003-exec-10] INFO  com.ltz.news.aspect.ServiceLogAspect - 当前执行耗时：2
2020-11-27 00:37:58.587 [http-nio-8003-exec-1] INFO  com.ltz.news.aspect.ServiceLogAspect - ==== 开始执行 class com.ltz.news.service.impl.UserServiceImpl.getUserInfo====
2020-11-27 00:37:58.589 [http-nio-8003-exec-1] INFO  com.ltz.news.aspect.ServiceLogAspect - 当前执行耗时：2
2020-11-27 00:37:58.612 [http-nio-8003-exec-8] INFO  com.ltz.news.aspect.ServiceLogAspect - ==== 开始执行 class com.ltz.news.service.impl.UserServiceImpl.getAccountInfo====
2020-11-27 00:37:58.622 [http-nio-8003-exec-8] INFO  com.ltz.news.aspect.ServiceLogAspect - 当前执行耗时：9
2020-11-27 00:39:15.283 [http-nio-8003-exec-10] INFO  com.ltz.news.aspect.ServiceLogAspect - ==== 开始执行 class com.ltz.news.service.impl.UserServiceImpl.getUserInfo====
2020-11-27 00:39:15.285 [http-nio-8003-exec-10] INFO  com.ltz.news.aspect.ServiceLogAspect - 当前执行耗时：2
2020-11-27 00:39:15.285 [http-nio-8003-exec-4] INFO  com.ltz.news.aspect.ServiceLogAspect - ==== 开始执行 class com.ltz.news.service.impl.UserServiceImpl.getAccountInfo====
2020-11-27 00:39:15.291 [http-nio-8003-exec-4] INFO  com.ltz.news.aspect.ServiceLogAspect - 当前执行耗时：6
2020-11-27 00:39:20.164 [http-nio-8003-exec-1] INFO  com.ltz.news.aspect.ServiceLogAspect - ==== 开始执行 class com.ltz.news.service.impl.UserServiceImpl.getUserInfo====
2020-11-27 00:39:20.165 [http-nio-8003-exec-1] INFO  com.ltz.news.aspect.ServiceLogAspect - 当前执行耗时：1
2020-11-27 00:39:20.165 [http-nio-8003-exec-8] INFO  com.ltz.news.aspect.ServiceLogAspect - ==== 开始执行 class com.ltz.news.service.impl.UserServiceImpl.getAccountInfo====
2020-11-27 00:39:20.167 [http-nio-8003-exec-8] INFO  com.ltz.news.aspect.ServiceLogAspect - 当前执行耗时：1
2020-11-27 00:47:26.831 [main] INFO  com.ltz.news.UserApplication - No active profile set, falling back to default profiles: default
2020-11-27 00:47:28.428 [main] INFO  o.s.d.r.c.RepositoryConfigurationDelegate - Multiple Spring Data modules found, entering strict repository configuration mode!
2020-11-27 00:47:28.434 [main] INFO  o.s.d.r.c.RepositoryConfigurationDelegate - Bootstrapping Spring Data Redis repositories in DEFAULT mode.
2020-11-27 00:47:28.542 [main] INFO  o.s.d.r.c.RepositoryConfigurationDelegate - Finished Spring Data repository scanning in 81ms. Found 0 Redis repository interfaces.
2020-11-27 00:47:28.827 [main] WARN  o.m.s.mapper.ClassPathMapperScanner - No MyBatis mapper was found in '[com.ltz.news]' package. Please check your configuration.
2020-11-27 00:47:28.938 [main] INFO  o.s.cloud.context.scope.GenericScope - BeanFactory id=400773e0-24d3-301b-b517-68788d365bb9
2020-11-27 00:47:29.687 [main] INFO  o.s.b.w.e.tomcat.TomcatWebServer - Tomcat initialized with port(s): 8003 (http)
2020-11-27 00:47:29.702 [main] INFO  o.a.coyote.http11.Http11NioProtocol - Initializing ProtocolHandler ["http-nio-8003"]
2020-11-27 00:47:29.703 [main] INFO  o.a.catalina.core.StandardService - Starting service [Tomcat]
2020-11-27 00:47:29.703 [main] INFO  o.a.catalina.core.StandardEngine - Starting Servlet engine: [Apache Tomcat/9.0.36]
2020-11-27 00:47:29.991 [main] INFO  o.a.c.c.C.[Tomcat].[localhost].[/] - Initializing Spring embedded WebApplicationContext
2020-11-27 00:47:29.991 [main] INFO  o.s.b.w.s.c.ServletWebServerApplicationContext - Root WebApplicationContext: initialization completed in 3134 ms
2020-11-27 00:47:31.976 [main] INFO  s.d.s.w.PropertySourcedRequestMappingHandlerMapping - Mapped URL path [/v2/api-docs] onto method [springfox.documentation.swagger2.web.Swagger2Controller#getDocumentation(String, HttpServletRequest)]
2020-11-27 00:47:32.056 [main] WARN  c.n.c.sources.URLConfigurationSource - No URLs will be polled as dynamic configuration sources.
2020-11-27 00:47:32.056 [main] INFO  c.n.c.sources.URLConfigurationSource - To enable URLs as dynamic configuration sources, define System property archaius.configurationSource.additionalUrls or make config.properties available on classpath.
2020-11-27 00:47:32.064 [main] WARN  c.n.c.sources.URLConfigurationSource - No URLs will be polled as dynamic configuration sources.
2020-11-27 00:47:32.064 [main] INFO  c.n.c.sources.URLConfigurationSource - To enable URLs as dynamic configuration sources, define System property archaius.configurationSource.additionalUrls or make config.properties available on classpath.
2020-11-27 00:47:32.235 [main] INFO  o.s.s.c.ThreadPoolTaskExecutor - Initializing ExecutorService 'applicationTaskExecutor'
2020-11-27 00:47:32.412 [main] INFO  t.m.m.a.MapperCacheDisabler - Clear tk.mybatis.mapper.util.MsUtil CLASS_CACHE cache.
2020-11-27 00:47:32.413 [main] INFO  t.m.m.a.MapperCacheDisabler - Clear tk.mybatis.mapper.genid.GenIdUtil CACHE cache.
2020-11-27 00:47:32.414 [main] INFO  t.m.m.a.MapperCacheDisabler - Clear tk.mybatis.mapper.version.VersionUtil CACHE cache.
2020-11-27 00:47:32.414 [main] INFO  t.m.m.a.MapperCacheDisabler - Clear EntityHelper entityTableMap cache.
2020-11-27 00:47:34.693 [main] INFO  o.s.cloud.commons.util.InetUtils - Cannot determine local hostname
2020-11-27 00:47:34.886 [main] INFO  o.a.coyote.http11.Http11NioProtocol - Starting ProtocolHandler ["http-nio-8003"]
2020-11-27 00:47:34.918 [main] INFO  o.s.b.w.e.tomcat.TomcatWebServer - Tomcat started on port(s): 8003 (http) with context path ''
2020-11-27 00:47:36.807 [main] INFO  o.s.cloud.commons.util.InetUtils - Cannot determine local hostname
2020-11-27 00:47:36.807 [main] INFO  s.d.s.w.p.DocumentationPluginsBootstrapper - Context refreshed
2020-11-27 00:47:36.828 [main] INFO  s.d.s.w.p.DocumentationPluginsBootstrapper - Found 1 custom documentation plugin(s)
2020-11-27 00:47:36.885 [main] INFO  s.d.s.w.s.ApiListingReferenceScanner - Scanning for api listing references
2020-11-27 00:47:37.159 [main] INFO  com.ltz.news.UserApplication - Started UserApplication in 15.905 seconds (JVM running for 18.485)
2020-11-27 00:47:51.530 [http-nio-8003-exec-2] INFO  o.a.c.c.C.[Tomcat].[localhost].[/] - Initializing Spring DispatcherServlet 'dispatcherServlet'
2020-11-27 00:47:51.532 [http-nio-8003-exec-2] INFO  o.s.web.servlet.DispatcherServlet - Initializing Servlet 'dispatcherServlet'
2020-11-27 00:47:51.544 [http-nio-8003-exec-2] INFO  o.s.web.servlet.DispatcherServlet - Completed initialization in 12 ms
2020-11-27 00:51:29.032 [main] INFO  com.ltz.news.UserApplication - No active profile set, falling back to default profiles: default
2020-11-27 00:51:30.492 [main] INFO  o.s.d.r.c.RepositoryConfigurationDelegate - Multiple Spring Data modules found, entering strict repository configuration mode!
2020-11-27 00:51:30.496 [main] INFO  o.s.d.r.c.RepositoryConfigurationDelegate - Bootstrapping Spring Data Redis repositories in DEFAULT mode.
2020-11-27 00:51:30.581 [main] INFO  o.s.d.r.c.RepositoryConfigurationDelegate - Finished Spring Data repository scanning in 64ms. Found 0 Redis repository interfaces.
2020-11-27 00:51:30.844 [main] WARN  o.m.s.mapper.ClassPathMapperScanner - No MyBatis mapper was found in '[com.ltz.news]' package. Please check your configuration.
2020-11-27 00:51:30.951 [main] INFO  o.s.cloud.context.scope.GenericScope - BeanFactory id=400773e0-24d3-301b-b517-68788d365bb9
2020-11-27 00:51:31.683 [main] INFO  o.s.b.w.e.tomcat.TomcatWebServer - Tomcat initialized with port(s): 8003 (http)
2020-11-27 00:51:31.699 [main] INFO  o.a.coyote.http11.Http11NioProtocol - Initializing ProtocolHandler ["http-nio-8003"]
2020-11-27 00:51:31.699 [main] INFO  o.a.catalina.core.StandardService - Starting service [Tomcat]
2020-11-27 00:51:31.700 [main] INFO  o.a.catalina.core.StandardEngine - Starting Servlet engine: [Apache Tomcat/9.0.36]
2020-11-27 00:51:31.967 [main] INFO  o.a.c.c.C.[Tomcat].[localhost].[/] - Initializing Spring embedded WebApplicationContext
2020-11-27 00:51:31.967 [main] INFO  o.s.b.w.s.c.ServletWebServerApplicationContext - Root WebApplicationContext: initialization completed in 2910 ms
2020-11-27 00:51:33.957 [main] INFO  s.d.s.w.PropertySourcedRequestMappingHandlerMapping - Mapped URL path [/v2/api-docs] onto method [springfox.documentation.swagger2.web.Swagger2Controller#getDocumentation(String, HttpServletRequest)]
2020-11-27 00:51:34.032 [main] WARN  c.n.c.sources.URLConfigurationSource - No URLs will be polled as dynamic configuration sources.
2020-11-27 00:51:34.033 [main] INFO  c.n.c.sources.URLConfigurationSource - To enable URLs as dynamic configuration sources, define System property archaius.configurationSource.additionalUrls or make config.properties available on classpath.
2020-11-27 00:51:34.040 [main] WARN  c.n.c.sources.URLConfigurationSource - No URLs will be polled as dynamic configuration sources.
2020-11-27 00:51:34.040 [main] INFO  c.n.c.sources.URLConfigurationSource - To enable URLs as dynamic configuration sources, define System property archaius.configurationSource.additionalUrls or make config.properties available on classpath.
2020-11-27 00:51:34.219 [main] INFO  o.s.s.c.ThreadPoolTaskExecutor - Initializing ExecutorService 'applicationTaskExecutor'
2020-11-27 00:51:34.385 [main] INFO  t.m.m.a.MapperCacheDisabler - Clear tk.mybatis.mapper.util.MsUtil CLASS_CACHE cache.
2020-11-27 00:51:34.386 [main] INFO  t.m.m.a.MapperCacheDisabler - Clear tk.mybatis.mapper.genid.GenIdUtil CACHE cache.
2020-11-27 00:51:34.387 [main] INFO  t.m.m.a.MapperCacheDisabler - Clear tk.mybatis.mapper.version.VersionUtil CACHE cache.
2020-11-27 00:51:34.387 [main] INFO  t.m.m.a.MapperCacheDisabler - Clear EntityHelper entityTableMap cache.
2020-11-27 00:51:36.599 [main] INFO  o.s.cloud.commons.util.InetUtils - Cannot determine local hostname
2020-11-27 00:51:36.801 [main] INFO  o.a.coyote.http11.Http11NioProtocol - Starting ProtocolHandler ["http-nio-8003"]
2020-11-27 00:51:36.836 [main] INFO  o.s.b.w.e.tomcat.TomcatWebServer - Tomcat started on port(s): 8003 (http) with context path ''
2020-11-27 00:51:38.736 [main] INFO  o.s.cloud.commons.util.InetUtils - Cannot determine local hostname
2020-11-27 00:51:38.737 [main] INFO  s.d.s.w.p.DocumentationPluginsBootstrapper - Context refreshed
2020-11-27 00:51:38.779 [main] INFO  s.d.s.w.p.DocumentationPluginsBootstrapper - Found 1 custom documentation plugin(s)
2020-11-27 00:51:38.859 [main] INFO  s.d.s.w.s.ApiListingReferenceScanner - Scanning for api listing references
2020-11-27 00:51:39.116 [main] INFO  com.ltz.news.UserApplication - Started UserApplication in 15.21 seconds (JVM running for 17.077)
2020-11-27 00:52:24.923 [http-nio-8003-exec-1] INFO  o.a.c.c.C.[Tomcat].[localhost].[/] - Initializing Spring DispatcherServlet 'dispatcherServlet'
2020-11-27 00:52:24.924 [http-nio-8003-exec-1] INFO  o.s.web.servlet.DispatcherServlet - Initializing Servlet 'dispatcherServlet'
2020-11-27 00:52:24.935 [http-nio-8003-exec-1] INFO  o.s.web.servlet.DispatcherServlet - Completed initialization in 11 ms
2020-11-27 00:54:41.591 [http-nio-8003-exec-1] INFO  com.ltz.news.aspect.ServiceLogAspect - ==== 开始执行 class com.ltz.news.service.impl.UserServiceImpl.getUserInfo====
2020-11-27 00:54:43.312 [http-nio-8003-exec-4] INFO  com.ltz.news.aspect.ServiceLogAspect - ==== 开始执行 class com.ltz.news.service.impl.UserServiceImpl.getAccountInfo====
2020-11-27 00:54:43.505 [http-nio-8003-exec-1] INFO  com.ltz.news.aspect.ServiceLogAspect - 当前执行耗时：1914
2020-11-27 00:54:43.506 [http-nio-8003-exec-4] INFO  com.ltz.news.aspect.ServiceLogAspect - 当前执行耗时：194
2020-11-27 01:05:28.099 [main] INFO  com.ltz.news.UserApplication - No active profile set, falling back to default profiles: default
2020-11-27 01:05:29.496 [main] INFO  o.s.d.r.c.RepositoryConfigurationDelegate - Multiple Spring Data modules found, entering strict repository configuration mode!
2020-11-27 01:05:29.500 [main] INFO  o.s.d.r.c.RepositoryConfigurationDelegate - Bootstrapping Spring Data Redis repositories in DEFAULT mode.
2020-11-27 01:05:29.582 [main] INFO  o.s.d.r.c.RepositoryConfigurationDelegate - Finished Spring Data repository scanning in 63ms. Found 0 Redis repository interfaces.
2020-11-27 01:05:29.815 [main] WARN  o.m.s.mapper.ClassPathMapperScanner - No MyBatis mapper was found in '[com.ltz.news]' package. Please check your configuration.
2020-11-27 01:05:29.933 [main] INFO  o.s.cloud.context.scope.GenericScope - BeanFactory id=400773e0-24d3-301b-b517-68788d365bb9
2020-11-27 01:05:30.647 [main] INFO  o.s.b.w.e.tomcat.TomcatWebServer - Tomcat initialized with port(s): 8003 (http)
2020-11-27 01:05:30.661 [main] INFO  o.a.coyote.http11.Http11NioProtocol - Initializing ProtocolHandler ["http-nio-8003"]
2020-11-27 01:05:30.662 [main] INFO  o.a.catalina.core.StandardService - Starting service [Tomcat]
2020-11-27 01:05:30.662 [main] INFO  o.a.catalina.core.StandardEngine - Starting Servlet engine: [Apache Tomcat/9.0.36]
2020-11-27 01:05:30.926 [main] INFO  o.a.c.c.C.[Tomcat].[localhost].[/] - Initializing Spring embedded WebApplicationContext
2020-11-27 01:05:30.926 [main] INFO  o.s.b.w.s.c.ServletWebServerApplicationContext - Root WebApplicationContext: initialization completed in 2802 ms
2020-11-27 01:05:32.861 [main] INFO  s.d.s.w.PropertySourcedRequestMappingHandlerMapping - Mapped URL path [/v2/api-docs] onto method [springfox.documentation.swagger2.web.Swagger2Controller#getDocumentation(String, HttpServletRequest)]
2020-11-27 01:05:32.942 [main] WARN  c.n.c.sources.URLConfigurationSource - No URLs will be polled as dynamic configuration sources.
2020-11-27 01:05:32.942 [main] INFO  c.n.c.sources.URLConfigurationSource - To enable URLs as dynamic configuration sources, define System property archaius.configurationSource.additionalUrls or make config.properties available on classpath.
2020-11-27 01:05:32.949 [main] WARN  c.n.c.sources.URLConfigurationSource - No URLs will be polled as dynamic configuration sources.
2020-11-27 01:05:32.949 [main] INFO  c.n.c.sources.URLConfigurationSource - To enable URLs as dynamic configuration sources, define System property archaius.configurationSource.additionalUrls or make config.properties available on classpath.
2020-11-27 01:05:33.115 [main] INFO  o.s.s.c.ThreadPoolTaskExecutor - Initializing ExecutorService 'applicationTaskExecutor'
2020-11-27 01:05:33.274 [main] INFO  t.m.m.a.MapperCacheDisabler - Clear tk.mybatis.mapper.util.MsUtil CLASS_CACHE cache.
2020-11-27 01:05:33.275 [main] INFO  t.m.m.a.MapperCacheDisabler - Clear tk.mybatis.mapper.genid.GenIdUtil CACHE cache.
2020-11-27 01:05:33.276 [main] INFO  t.m.m.a.MapperCacheDisabler - Clear tk.mybatis.mapper.version.VersionUtil CACHE cache.
2020-11-27 01:05:33.276 [main] INFO  t.m.m.a.MapperCacheDisabler - Clear EntityHelper entityTableMap cache.
2020-11-27 01:05:35.522 [main] INFO  o.s.cloud.commons.util.InetUtils - Cannot determine local hostname
2020-11-27 01:05:35.716 [main] INFO  o.a.coyote.http11.Http11NioProtocol - Starting ProtocolHandler ["http-nio-8003"]
2020-11-27 01:05:35.751 [main] INFO  o.s.b.w.e.tomcat.TomcatWebServer - Tomcat started on port(s): 8003 (http) with context path ''
2020-11-27 01:05:37.670 [main] INFO  o.s.cloud.commons.util.InetUtils - Cannot determine local hostname
2020-11-27 01:05:37.670 [main] INFO  s.d.s.w.p.DocumentationPluginsBootstrapper - Context refreshed
2020-11-27 01:05:37.691 [main] INFO  s.d.s.w.p.DocumentationPluginsBootstrapper - Found 1 custom documentation plugin(s)
2020-11-27 01:05:37.749 [main] INFO  s.d.s.w.s.ApiListingReferenceScanner - Scanning for api listing references
2020-11-27 01:05:38.031 [main] INFO  com.ltz.news.UserApplication - Started UserApplication in 15.933 seconds (JVM running for 18.707)
2020-11-27 01:05:42.599 [http-nio-8003-exec-1] INFO  o.a.c.c.C.[Tomcat].[localhost].[/] - Initializing Spring DispatcherServlet 'dispatcherServlet'
2020-11-27 01:05:42.600 [http-nio-8003-exec-1] INFO  o.s.web.servlet.DispatcherServlet - Initializing Servlet 'dispatcherServlet'
2020-11-27 01:05:42.613 [http-nio-8003-exec-1] INFO  o.s.web.servlet.DispatcherServlet - Completed initialization in 13 ms
2020-11-27 01:09:02.424 [http-nio-8003-exec-10] INFO  com.ltz.news.aspect.ServiceLogAspect - ==== 开始执行 class com.ltz.news.service.impl.UserServiceImpl.getUserInfo====
2020-11-27 01:09:04.230 [http-nio-8003-exec-9] INFO  com.ltz.news.aspect.ServiceLogAspect - ==== 开始执行 class com.ltz.news.service.impl.UserServiceImpl.getAccountInfo====
2020-11-27 01:09:04.431 [http-nio-8003-exec-10] WARN  com.ltz.news.aspect.ServiceLogAspect - 当前执行耗时：2007
2020-11-27 01:09:04.431 [http-nio-8003-exec-9] INFO  com.ltz.news.aspect.ServiceLogAspect - 当前执行耗时：201
2020-11-27 01:14:17.222 [http-nio-8003-exec-5] INFO  com.ltz.news.aspect.ServiceLogAspect - ==== 开始执行 class com.ltz.news.service.impl.UserServiceImpl.getUserInfo====
2020-11-27 01:14:17.230 [http-nio-8003-exec-5] INFO  com.ltz.news.aspect.ServiceLogAspect - 当前执行耗时：8
2020-11-27 01:14:17.230 [http-nio-8003-exec-4] INFO  com.ltz.news.aspect.ServiceLogAspect - ==== 开始执行 class com.ltz.news.service.impl.UserServiceImpl.getAccountInfo====
2020-11-27 01:14:17.234 [http-nio-8003-exec-4] INFO  com.ltz.news.aspect.ServiceLogAspect - 当前执行耗时：4
2020-11-27 01:17:23.056 [http-nio-8003-exec-6] INFO  com.ltz.news.aspect.ServiceLogAspect - ==== 开始执行 class com.ltz.news.service.impl.UserServiceImpl.getUserInfo====
2020-11-27 01:17:23.073 [http-nio-8003-exec-1] INFO  com.ltz.news.aspect.ServiceLogAspect - ==== 开始执行 class com.ltz.news.service.impl.UserServiceImpl.getAccountInfo====
2020-11-27 01:17:23.074 [http-nio-8003-exec-6] INFO  com.ltz.news.aspect.ServiceLogAspect - 当前执行耗时：17
2020-11-27 01:17:23.076 [http-nio-8003-exec-1] INFO  com.ltz.news.aspect.ServiceLogAspect - 当前执行耗时：3
2020-11-27 01:19:07.833 [http-nio-8003-exec-7] INFO  com.ltz.news.aspect.ServiceLogAspect - ==== 开始执行 class com.ltz.news.service.impl.UserServiceImpl.getUserInfo====
2020-11-27 01:19:07.838 [http-nio-8003-exec-8] INFO  com.ltz.news.aspect.ServiceLogAspect - ==== 开始执行 class com.ltz.news.service.impl.UserServiceImpl.getAccountInfo====
2020-11-27 01:19:07.839 [http-nio-8003-exec-7] INFO  com.ltz.news.aspect.ServiceLogAspect - 当前执行耗时：6
2020-11-27 01:19:07.841 [http-nio-8003-exec-8] INFO  com.ltz.news.aspect.ServiceLogAspect - 当前执行耗时：3
2020-11-27 01:22:01.906 [http-nio-8003-exec-3] INFO  com.ltz.news.aspect.ServiceLogAspect - ==== 开始执行 class com.ltz.news.service.impl.UserServiceImpl.getUserInfo====
2020-11-27 01:22:01.911 [http-nio-8003-exec-3] INFO  com.ltz.news.aspect.ServiceLogAspect - 当前执行耗时：5
2020-11-27 01:22:01.912 [http-nio-8003-exec-2] INFO  com.ltz.news.aspect.ServiceLogAspect - ==== 开始执行 class com.ltz.news.service.impl.UserServiceImpl.getAccountInfo====
2020-11-27 01:22:01.917 [http-nio-8003-exec-2] INFO  com.ltz.news.aspect.ServiceLogAspect - 当前执行耗时：5
2020-11-27 01:27:43.998 [http-nio-8003-exec-10] INFO  com.ltz.news.aspect.ServiceLogAspect - ==== 开始执行 class com.ltz.news.service.impl.UserServiceImpl.getUserInfo====
2020-11-27 01:27:44.008 [http-nio-8003-exec-10] INFO  com.ltz.news.aspect.ServiceLogAspect - 当前执行耗时：8
2020-11-27 01:27:44.011 [http-nio-8003-exec-9] INFO  com.ltz.news.aspect.ServiceLogAspect - ==== 开始执行 class com.ltz.news.service.impl.UserServiceImpl.getAccountInfo====
2020-11-27 01:27:44.016 [http-nio-8003-exec-9] INFO  com.ltz.news.aspect.ServiceLogAspect - 当前执行耗时：4
2020-11-27 01:28:17.654 [http-nio-8003-exec-2] INFO  com.ltz.news.aspect.ServiceLogAspect - ==== 开始执行 class com.ltz.news.service.impl.UserServiceImpl.updateUserInfo====
2020-11-27 01:28:17.788 [http-nio-8003-exec-2] INFO  com.zaxxer.hikari.HikariDataSource - DateSourceHikariCP - Starting...
2020-11-27 01:28:18.062 [http-nio-8003-exec-2] INFO  com.zaxxer.hikari.HikariDataSource - DateSourceHikariCP - Start completed.
2020-11-27 01:28:18.286 [http-nio-8003-exec-2] INFO  com.ltz.news.aspect.ServiceLogAspect - 当前执行耗时：632
2020-11-27 01:28:19.550 [http-nio-8003-exec-8] INFO  com.ltz.news.aspect.ServiceLogAspect - ==== 开始执行 class com.ltz.news.service.impl.UserServiceImpl.getUserInfo====
2020-11-27 01:28:19.557 [http-nio-8003-exec-7] INFO  com.ltz.news.aspect.ServiceLogAspect - ==== 开始执行 class com.ltz.news.service.impl.UserServiceImpl.getAccountInfo====
2020-11-27 01:28:19.568 [http-nio-8003-exec-8] INFO  com.ltz.news.aspect.ServiceLogAspect - 当前执行耗时：17
2020-11-27 01:28:19.582 [http-nio-8003-exec-7] INFO  com.ltz.news.aspect.ServiceLogAspect - 当前执行耗时：24
2020-11-27 01:32:15.166 [http-nio-8003-exec-2] INFO  com.ltz.news.aspect.ServiceLogAspect - ==== 开始执行 class com.ltz.news.service.impl.UserServiceImpl.getUserInfo====
2020-11-27 01:32:15.174 [http-nio-8003-exec-5] INFO  com.ltz.news.aspect.ServiceLogAspect - ==== 开始执行 class com.ltz.news.service.impl.UserServiceImpl.getAccountInfo====
2020-11-27 01:32:15.179 [http-nio-8003-exec-2] INFO  com.ltz.news.aspect.ServiceLogAspect - 当前执行耗时：12
2020-11-27 01:32:15.180 [http-nio-8003-exec-5] INFO  com.ltz.news.aspect.ServiceLogAspect - 当前执行耗时：5
2020-11-27 01:32:32.199 [http-nio-8003-exec-10] INFO  com.ltz.news.aspect.ServiceLogAspect - ==== 开始执行 class com.ltz.news.service.impl.UserServiceImpl.updateUserInfo====
2020-11-27 01:32:32.325 [http-nio-8003-exec-10] INFO  com.ltz.news.aspect.ServiceLogAspect - 当前执行耗时：126
2020-11-27 01:32:33.790 [http-nio-8003-exec-3] INFO  com.ltz.news.aspect.ServiceLogAspect - ==== 开始执行 class com.ltz.news.service.impl.UserServiceImpl.getUserInfo====
2020-11-27 01:32:33.800 [http-nio-8003-exec-1] INFO  com.ltz.news.aspect.ServiceLogAspect - ==== 开始执行 class com.ltz.news.service.impl.UserServiceImpl.getAccountInfo====
2020-11-27 01:32:33.805 [http-nio-8003-exec-3] INFO  com.ltz.news.aspect.ServiceLogAspect - 当前执行耗时：14
2020-11-27 01:32:33.812 [http-nio-8003-exec-1] INFO  com.ltz.news.aspect.ServiceLogAspect - 当前执行耗时：12
2020-11-27 01:33:06.579 [http-nio-8003-exec-5] INFO  com.ltz.news.aspect.ServiceLogAspect - ==== 开始执行 class com.ltz.news.service.impl.UserServiceImpl.updateUserInfo====
2020-11-27 01:33:06.706 [http-nio-8003-exec-5] INFO  com.ltz.news.aspect.ServiceLogAspect - 当前执行耗时：127
2020-11-27 01:33:07.996 [http-nio-8003-exec-7] INFO  com.ltz.news.aspect.ServiceLogAspect - ==== 开始执行 class com.ltz.news.service.impl.UserServiceImpl.getUserInfo====
2020-11-27 01:33:08.001 [http-nio-8003-exec-10] INFO  com.ltz.news.aspect.ServiceLogAspect - ==== 开始执行 class com.ltz.news.service.impl.UserServiceImpl.getAccountInfo====
2020-11-27 01:33:08.009 [http-nio-8003-exec-7] INFO  com.ltz.news.aspect.ServiceLogAspect - 当前执行耗时：13
2020-11-27 01:33:08.014 [http-nio-8003-exec-10] INFO  com.ltz.news.aspect.ServiceLogAspect - 当前执行耗时：12
2020-11-27 01:33:54.612 [http-nio-8003-exec-6] INFO  com.ltz.news.aspect.ServiceLogAspect - ==== 开始执行 class com.ltz.news.service.impl.UserServiceImpl.updateUserInfo====
2020-11-27 01:33:54.730 [http-nio-8003-exec-6] INFO  com.ltz.news.aspect.ServiceLogAspect - 当前执行耗时：118
2020-11-27 01:33:56.237 [http-nio-8003-exec-5] INFO  com.ltz.news.aspect.ServiceLogAspect - ==== 开始执行 class com.ltz.news.service.impl.UserServiceImpl.getUserInfo====
2020-11-27 01:33:56.240 [http-nio-8003-exec-2] INFO  com.ltz.news.aspect.ServiceLogAspect - ==== 开始执行 class com.ltz.news.service.impl.UserServiceImpl.getAccountInfo====
2020-11-27 01:33:56.250 [http-nio-8003-exec-5] INFO  com.ltz.news.aspect.ServiceLogAspect - 当前执行耗时：13
2020-11-27 01:33:56.254 [http-nio-8003-exec-2] INFO  com.ltz.news.aspect.ServiceLogAspect - 当前执行耗时：14
2020-11-27 01:35:35.757 [http-nio-8003-exec-6] INFO  com.ltz.news.aspect.ServiceLogAspect - ==== 开始执行 class com.ltz.news.service.impl.UserServiceImpl.getUserInfo====
2020-11-27 01:35:35.762 [http-nio-8003-exec-6] INFO  com.ltz.news.aspect.ServiceLogAspect - 当前执行耗时：5
2020-11-27 01:35:35.762 [http-nio-8003-exec-3] INFO  com.ltz.news.aspect.ServiceLogAspect - ==== 开始执行 class com.ltz.news.service.impl.UserServiceImpl.getAccountInfo====
2020-11-27 01:35:35.766 [http-nio-8003-exec-3] INFO  com.ltz.news.aspect.ServiceLogAspect - 当前执行耗时：4
2020-11-27 01:36:41.602 [http-nio-8003-exec-4] INFO  com.ltz.news.aspect.ServiceLogAspect - ==== 开始执行 class com.ltz.news.service.impl.UserServiceImpl.updateUserInfo====
2020-11-27 01:36:41.727 [http-nio-8003-exec-4] INFO  com.ltz.news.aspect.ServiceLogAspect - 当前执行耗时：125
2020-11-27 01:36:43.081 [http-nio-8003-exec-10] INFO  com.ltz.news.aspect.ServiceLogAspect - ==== 开始执行 class com.ltz.news.service.impl.UserServiceImpl.getUserInfo====
2020-11-27 01:36:43.086 [http-nio-8003-exec-9] INFO  com.ltz.news.aspect.ServiceLogAspect - ==== 开始执行 class com.ltz.news.service.impl.UserServiceImpl.getAccountInfo====
2020-11-27 01:36:43.095 [http-nio-8003-exec-10] INFO  com.ltz.news.aspect.ServiceLogAspect - 当前执行耗时：13
2020-11-27 01:36:43.098 [http-nio-8003-exec-9] INFO  com.ltz.news.aspect.ServiceLogAspect - 当前执行耗时：11
2020-11-27 01:38:55.468 [http-nio-8003-exec-4] INFO  com.ltz.news.aspect.ServiceLogAspect - ==== 开始执行 class com.ltz.news.service.impl.UserServiceImpl.getUserInfo====
2020-11-27 01:38:55.475 [http-nio-8003-exec-4] INFO  com.ltz.news.aspect.ServiceLogAspect - 当前执行耗时：5
2020-11-27 01:38:55.476 [http-nio-8003-exec-8] INFO  com.ltz.news.aspect.ServiceLogAspect - ==== 开始执行 class com.ltz.news.service.impl.UserServiceImpl.getAccountInfo====
2020-11-27 01:38:55.480 [http-nio-8003-exec-8] INFO  com.ltz.news.aspect.ServiceLogAspect - 当前执行耗时：3
2020-11-27 01:39:44.563 [http-nio-8003-exec-9] INFO  com.ltz.news.aspect.ServiceLogAspect - ==== 开始执行 class com.ltz.news.service.impl.UserServiceImpl.getUserInfo====
2020-11-27 01:39:44.570 [http-nio-8003-exec-6] INFO  com.ltz.news.aspect.ServiceLogAspect - ==== 开始执行 class com.ltz.news.service.impl.UserServiceImpl.getAccountInfo====
2020-11-27 01:39:44.570 [http-nio-8003-exec-9] INFO  com.ltz.news.aspect.ServiceLogAspect - 当前执行耗时：7
2020-11-27 01:39:44.574 [http-nio-8003-exec-6] INFO  com.ltz.news.aspect.ServiceLogAspect - 当前执行耗时：4
2020-11-27 01:41:07.846 [http-nio-8003-exec-4] INFO  com.ltz.news.aspect.ServiceLogAspect - ==== 开始执行 class com.ltz.news.service.impl.UserServiceImpl.getAccountInfo====
2020-11-27 01:41:07.846 [http-nio-8003-exec-8] INFO  com.ltz.news.aspect.ServiceLogAspect - ==== 开始执行 class com.ltz.news.service.impl.UserServiceImpl.getUserInfo====
2020-11-27 01:41:07.854 [http-nio-8003-exec-8] INFO  com.ltz.news.aspect.ServiceLogAspect - 当前执行耗时：8
2020-11-27 01:41:07.857 [http-nio-8003-exec-4] INFO  com.ltz.news.aspect.ServiceLogAspect - 当前执行耗时：11
2020-11-27 01:41:34.669 [http-nio-8003-exec-10] INFO  com.ltz.news.aspect.ServiceLogAspect - ==== 开始执行 class com.ltz.news.service.impl.UserServiceImpl.updateUserInfo====
2020-11-27 01:41:34.793 [http-nio-8003-exec-10] INFO  com.ltz.news.aspect.ServiceLogAspect - 当前执行耗时：124
2020-11-27 01:41:36.140 [http-nio-8003-exec-5] INFO  com.ltz.news.aspect.ServiceLogAspect - ==== 开始执行 class com.ltz.news.service.impl.UserServiceImpl.getUserInfo====
2020-11-27 01:41:36.145 [http-nio-8003-exec-3] INFO  com.ltz.news.aspect.ServiceLogAspect - ==== 开始执行 class com.ltz.news.service.impl.UserServiceImpl.getAccountInfo====
2020-11-27 01:41:36.159 [http-nio-8003-exec-5] INFO  com.ltz.news.aspect.ServiceLogAspect - 当前执行耗时：19
2020-11-27 01:41:36.159 [http-nio-8003-exec-3] INFO  com.ltz.news.aspect.ServiceLogAspect - 当前执行耗时：13
