2020-12-21 21:54:08.842 [main] INFO  com.ltz.news.FilesApplication - No active profile set, falling back to default profiles: default
2020-12-21 21:54:09.926 [main] INFO  o.s.d.r.c.RepositoryConfigurationDelegate - Multiple Spring Data modules found, entering strict repository configuration mode!
2020-12-21 21:54:09.927 [main] INFO  o.s.d.r.c.RepositoryConfigurationDelegate - Bootstrapping Spring Data MongoDB repositories in DEFAULT mode.
2020-12-21 21:54:09.994 [main] INFO  o.s.d.r.c.RepositoryConfigurationDelegate - Finished Spring Data repository scanning in 61ms. Found 0 MongoDB repository interfaces.
2020-12-21 21:54:10.011 [main] INFO  o.s.d.r.c.RepositoryConfigurationDelegate - Multiple Spring Data modules found, entering strict repository configuration mode!
2020-12-21 21:54:10.013 [main] INFO  o.s.d.r.c.RepositoryConfigurationDelegate - Bootstrapping Spring Data Redis repositories in DEFAULT mode.
2020-12-21 21:54:10.051 [main] INFO  o.s.d.r.c.RepositoryConfigurationDelegate - Finished Spring Data repository scanning in 26ms. Found 0 Redis repository interfaces.
2020-12-21 21:54:10.346 [main] INFO  o.s.cloud.context.scope.GenericScope - BeanFactory id=d8fdd9d1-6ff8-3f48-9395-7e02609219cc
2020-12-21 21:54:10.992 [main] INFO  o.s.b.w.e.tomcat.TomcatWebServer - Tomcat initialized with port(s): 8004 (http)
2020-12-21 21:54:11.005 [main] INFO  o.a.coyote.http11.Http11NioProtocol - Initializing ProtocolHandler ["http-nio-8004"]
2020-12-21 21:54:11.005 [main] INFO  o.a.catalina.core.StandardService - Starting service [Tomcat]
2020-12-21 21:54:11.005 [main] INFO  o.a.catalina.core.StandardEngine - Starting Servlet engine: [Apache Tomcat/9.0.36]
2020-12-21 21:54:11.202 [main] INFO  o.a.c.c.C.[Tomcat].[localhost].[/] - Initializing Spring embedded WebApplicationContext
2020-12-21 21:54:11.203 [main] INFO  o.s.b.w.s.c.ServletWebServerApplicationContext - Root WebApplicationContext: initialization completed in 2342 ms
2020-12-21 21:54:12.318 [main] INFO  org.mongodb.driver.cluster - Cluster created with settings {hosts=[127.0.0.1:27017], mode=SINGLE, requiredClusterType=UNKNOWN, serverSelectionTimeout='30000 ms', maxWaitQueueSize=500}
2020-12-21 21:54:12.384 [cluster-ClusterId{value='5fe10b7408bff849d04d304f', description='null'}-127.0.0.1:27017] INFO  org.mongodb.driver.connection - Opened connection [connectionId{localValue:1, serverValue:10}] to 127.0.0.1:27017
2020-12-21 21:54:12.394 [cluster-ClusterId{value='5fe10b7408bff849d04d304f', description='null'}-127.0.0.1:27017] INFO  org.mongodb.driver.cluster - Monitor thread successfully connected to server with description ServerDescription{address=127.0.0.1:27017, type=STANDALONE, state=CONNECTED, ok=true, version=ServerVersion{versionList=[4, 2, 6]}, minWireVersion=0, maxWireVersion=8, maxDocumentSize=16777216, logicalSessionTimeoutMinutes=30, roundTripTimeNanos=5490700}
2020-12-21 21:54:13.429 [main] INFO  s.d.s.w.PropertySourcedRequestMappingHandlerMapping - Mapped URL path [/v2/api-docs] onto method [springfox.documentation.swagger2.web.Swagger2Controller#getDocumentation(String, HttpServletRequest)]
2020-12-21 21:54:13.462 [main] WARN  c.n.c.sources.URLConfigurationSource - No URLs will be polled as dynamic configuration sources.
2020-12-21 21:54:13.462 [main] INFO  c.n.c.sources.URLConfigurationSource - To enable URLs as dynamic configuration sources, define System property archaius.configurationSource.additionalUrls or make config.properties available on classpath.
2020-12-21 21:54:13.468 [main] WARN  c.n.c.sources.URLConfigurationSource - No URLs will be polled as dynamic configuration sources.
2020-12-21 21:54:13.470 [main] INFO  c.n.c.sources.URLConfigurationSource - To enable URLs as dynamic configuration sources, define System property archaius.configurationSource.additionalUrls or make config.properties available on classpath.
2020-12-21 21:54:13.680 [main] INFO  o.s.s.c.ThreadPoolTaskExecutor - Initializing ExecutorService 'applicationTaskExecutor'
2020-12-21 21:54:16.174 [main] INFO  o.s.cloud.commons.util.InetUtils - Cannot determine local hostname
2020-12-21 21:54:16.315 [main] INFO  s.d.s.w.p.DocumentationPluginsBootstrapper - Context refreshed
2020-12-21 21:54:16.333 [main] INFO  s.d.s.w.p.DocumentationPluginsBootstrapper - Found 1 custom documentation plugin(s)
2020-12-21 21:54:16.382 [main] INFO  s.d.s.w.s.ApiListingReferenceScanner - Scanning for api listing references
2020-12-21 21:54:16.534 [main] WARN  s.d.s.w.r.p.ParameterDataTypeReader - Trying to infer dataType org.springframework.web.multipart.MultipartFile[]
2020-12-21 21:54:16.568 [main] INFO  o.a.coyote.http11.Http11NioProtocol - Starting ProtocolHandler ["http-nio-8004"]
2020-12-21 21:54:16.598 [main] INFO  o.s.b.w.e.tomcat.TomcatWebServer - Tomcat started on port(s): 8004 (http) with context path ''
2020-12-21 21:54:18.127 [main] INFO  o.s.cloud.commons.util.InetUtils - Cannot determine local hostname
2020-12-21 21:54:18.129 [main] INFO  com.ltz.news.FilesApplication - Started FilesApplication in 14.997 seconds (JVM running for 16.705)
2020-12-21 22:34:40.622 [main] INFO  com.ltz.news.FilesApplication - No active profile set, falling back to default profiles: default
2020-12-21 22:34:42.955 [main] INFO  o.s.d.r.c.RepositoryConfigurationDelegate - Multiple Spring Data modules found, entering strict repository configuration mode!
2020-12-21 22:34:42.957 [main] INFO  o.s.d.r.c.RepositoryConfigurationDelegate - Bootstrapping Spring Data MongoDB repositories in DEFAULT mode.
2020-12-21 22:34:43.171 [main] INFO  o.s.d.r.c.RepositoryConfigurationDelegate - Finished Spring Data repository scanning in 200ms. Found 0 MongoDB repository interfaces.
2020-12-21 22:34:43.245 [main] INFO  o.s.d.r.c.RepositoryConfigurationDelegate - Multiple Spring Data modules found, entering strict repository configuration mode!
2020-12-21 22:34:43.249 [main] INFO  o.s.d.r.c.RepositoryConfigurationDelegate - Bootstrapping Spring Data Redis repositories in DEFAULT mode.
2020-12-21 22:34:43.374 [main] INFO  o.s.d.r.c.RepositoryConfigurationDelegate - Finished Spring Data repository scanning in 99ms. Found 0 Redis repository interfaces.
2020-12-21 22:34:44.095 [main] INFO  o.s.cloud.context.scope.GenericScope - BeanFactory id=d8fdd9d1-6ff8-3f48-9395-7e02609219cc
2020-12-21 22:34:45.800 [main] INFO  o.s.b.w.e.tomcat.TomcatWebServer - Tomcat initialized with port(s): 8004 (http)
2020-12-21 22:34:45.830 [main] INFO  o.a.coyote.http11.Http11NioProtocol - Initializing ProtocolHandler ["http-nio-8004"]
2020-12-21 22:34:45.830 [main] INFO  o.a.catalina.core.StandardService - Starting service [Tomcat]
2020-12-21 22:34:45.831 [main] INFO  o.a.catalina.core.StandardEngine - Starting Servlet engine: [Apache Tomcat/9.0.36]
2020-12-21 22:34:46.367 [main] INFO  o.a.c.c.C.[Tomcat].[localhost].[/] - Initializing Spring embedded WebApplicationContext
2020-12-21 22:34:46.367 [main] INFO  o.s.b.w.s.c.ServletWebServerApplicationContext - Root WebApplicationContext: initialization completed in 5715 ms
2020-12-21 22:34:50.675 [main] INFO  org.mongodb.driver.cluster - Cluster created with settings {hosts=[127.0.0.1:27017], mode=SINGLE, requiredClusterType=UNKNOWN, serverSelectionTimeout='30000 ms', maxWaitQueueSize=500}
2020-12-21 22:34:50.802 [cluster-ClusterId{value='5fe114fa748bf43df5dc31c1', description='null'}-127.0.0.1:27017] INFO  org.mongodb.driver.connection - Opened connection [connectionId{localValue:1, serverValue:30}] to 127.0.0.1:27017
2020-12-21 22:34:50.816 [cluster-ClusterId{value='5fe114fa748bf43df5dc31c1', description='null'}-127.0.0.1:27017] INFO  org.mongodb.driver.cluster - Monitor thread successfully connected to server with description ServerDescription{address=127.0.0.1:27017, type=STANDALONE, state=CONNECTED, ok=true, version=ServerVersion{versionList=[4, 2, 6]}, minWireVersion=0, maxWireVersion=8, maxDocumentSize=16777216, logicalSessionTimeoutMinutes=30, roundTripTimeNanos=8664599}
2020-12-21 22:34:52.696 [main] INFO  s.d.s.w.PropertySourcedRequestMappingHandlerMapping - Mapped URL path [/v2/api-docs] onto method [springfox.documentation.swagger2.web.Swagger2Controller#getDocumentation(String, HttpServletRequest)]
2020-12-21 22:34:52.770 [main] WARN  c.n.c.sources.URLConfigurationSource - No URLs will be polled as dynamic configuration sources.
2020-12-21 22:34:52.771 [main] INFO  c.n.c.sources.URLConfigurationSource - To enable URLs as dynamic configuration sources, define System property archaius.configurationSource.additionalUrls or make config.properties available on classpath.
2020-12-21 22:34:52.811 [main] WARN  c.n.c.sources.URLConfigurationSource - No URLs will be polled as dynamic configuration sources.
2020-12-21 22:34:52.811 [main] INFO  c.n.c.sources.URLConfigurationSource - To enable URLs as dynamic configuration sources, define System property archaius.configurationSource.additionalUrls or make config.properties available on classpath.
2020-12-21 22:34:53.255 [main] INFO  o.s.s.c.ThreadPoolTaskExecutor - Initializing ExecutorService 'applicationTaskExecutor'
2020-12-21 22:34:56.527 [main] INFO  o.s.cloud.commons.util.InetUtils - Cannot determine local hostname
2020-12-21 22:34:56.728 [main] INFO  s.d.s.w.p.DocumentationPluginsBootstrapper - Context refreshed
2020-12-21 22:34:56.752 [main] INFO  s.d.s.w.p.DocumentationPluginsBootstrapper - Found 1 custom documentation plugin(s)
2020-12-21 22:34:56.821 [main] INFO  s.d.s.w.s.ApiListingReferenceScanner - Scanning for api listing references
2020-12-21 22:34:57.048 [main] WARN  s.d.s.w.r.p.ParameterDataTypeReader - Trying to infer dataType org.springframework.web.multipart.MultipartFile[]
2020-12-21 22:34:57.095 [main] INFO  o.a.coyote.http11.Http11NioProtocol - Starting ProtocolHandler ["http-nio-8004"]
2020-12-21 22:34:57.134 [main] INFO  o.s.b.w.e.tomcat.TomcatWebServer - Tomcat started on port(s): 8004 (http) with context path ''
2020-12-21 22:34:58.831 [main] INFO  o.s.cloud.commons.util.InetUtils - Cannot determine local hostname
2020-12-21 22:34:58.833 [main] INFO  com.ltz.news.FilesApplication - Started FilesApplication in 26.677 seconds (JVM running for 30.231)
