2020-12-01 22:31:34.419 [main] INFO  com.ltz.news.UserApplication - No active profile set, falling back to default profiles: default
2020-12-01 22:31:37.987 [main] INFO  o.s.d.r.c.RepositoryConfigurationDelegate - Multiple Spring Data modules found, entering strict repository configuration mode!
2020-12-01 22:31:37.989 [main] INFO  o.s.d.r.c.RepositoryConfigurationDelegate - Bootstrapping Spring Data MongoDB repositories in DEFAULT mode.
2020-12-01 22:31:38.218 [main] INFO  o.s.d.r.c.RepositoryConfigurationDelegate - Finished Spring Data repository scanning in 213ms. Found 0 MongoDB repository interfaces.
2020-12-01 22:31:38.262 [main] INFO  o.s.d.r.c.RepositoryConfigurationDelegate - Multiple Spring Data modules found, entering strict repository configuration mode!
2020-12-01 22:31:38.267 [main] INFO  o.s.d.r.c.RepositoryConfigurationDelegate - Bootstrapping Spring Data Redis repositories in DEFAULT mode.
2020-12-01 22:31:38.400 [main] INFO  o.s.d.r.c.RepositoryConfigurationDelegate - Finished Spring Data repository scanning in 103ms. Found 0 Redis repository interfaces.
2020-12-01 22:31:38.981 [main] WARN  o.m.s.mapper.ClassPathMapperScanner - No MyBatis mapper was found in '[com.ltz.news]' package. Please check your configuration.
2020-12-01 22:31:39.314 [main] INFO  o.s.cloud.context.scope.GenericScope - BeanFactory id=0bb0d390-718f-36ce-b830-dafbff96a634
2020-12-01 22:31:40.995 [main] INFO  o.s.b.w.e.tomcat.TomcatWebServer - Tomcat initialized with port(s): 8003 (http)
2020-12-01 22:31:41.023 [main] INFO  o.a.coyote.http11.Http11NioProtocol - Initializing ProtocolHandler ["http-nio-8003"]
2020-12-01 22:31:41.024 [main] INFO  o.a.catalina.core.StandardService - Starting service [Tomcat]
2020-12-01 22:31:41.025 [main] INFO  o.a.catalina.core.StandardEngine - Starting Servlet engine: [Apache Tomcat/9.0.36]
2020-12-01 22:31:41.617 [main] INFO  o.a.c.c.C.[Tomcat].[localhost].[/] - Initializing Spring embedded WebApplicationContext
2020-12-01 22:31:41.618 [main] INFO  o.s.b.w.s.c.ServletWebServerApplicationContext - Root WebApplicationContext: initialization completed in 7135 ms
2020-12-01 22:31:47.783 [main] INFO  s.d.s.w.PropertySourcedRequestMappingHandlerMapping - Mapped URL path [/v2/api-docs] onto method [springfox.documentation.swagger2.web.Swagger2Controller#getDocumentation(String, HttpServletRequest)]
2020-12-01 22:31:47.884 [main] WARN  c.n.c.sources.URLConfigurationSource - No URLs will be polled as dynamic configuration sources.
2020-12-01 22:31:47.884 [main] INFO  c.n.c.sources.URLConfigurationSource - To enable URLs as dynamic configuration sources, define System property archaius.configurationSource.additionalUrls or make config.properties available on classpath.
2020-12-01 22:31:47.895 [main] WARN  c.n.c.sources.URLConfigurationSource - No URLs will be polled as dynamic configuration sources.
2020-12-01 22:31:47.895 [main] INFO  c.n.c.sources.URLConfigurationSource - To enable URLs as dynamic configuration sources, define System property archaius.configurationSource.additionalUrls or make config.properties available on classpath.
2020-12-01 22:31:48.128 [main] INFO  o.s.s.c.ThreadPoolTaskExecutor - Initializing ExecutorService 'applicationTaskExecutor'
2020-12-01 22:31:48.343 [main] INFO  t.m.m.a.MapperCacheDisabler - Clear tk.mybatis.mapper.util.MsUtil CLASS_CACHE cache.
2020-12-01 22:31:48.345 [main] INFO  t.m.m.a.MapperCacheDisabler - Clear tk.mybatis.mapper.genid.GenIdUtil CACHE cache.
2020-12-01 22:31:48.346 [main] INFO  t.m.m.a.MapperCacheDisabler - Clear tk.mybatis.mapper.version.VersionUtil CACHE cache.
2020-12-01 22:31:48.346 [main] INFO  t.m.m.a.MapperCacheDisabler - Clear EntityHelper entityTableMap cache.
2020-12-01 22:31:51.553 [main] INFO  o.s.cloud.commons.util.InetUtils - Cannot determine local hostname
2020-12-01 22:31:51.704 [main] INFO  s.d.s.w.p.DocumentationPluginsBootstrapper - Context refreshed
2020-12-01 22:31:51.730 [main] INFO  s.d.s.w.p.DocumentationPluginsBootstrapper - Found 1 custom documentation plugin(s)
2020-12-01 22:31:51.796 [main] INFO  s.d.s.w.s.ApiListingReferenceScanner - Scanning for api listing references
2020-12-01 22:31:52.132 [main] INFO  o.a.coyote.http11.Http11NioProtocol - Starting ProtocolHandler ["http-nio-8003"]
2020-12-01 22:31:52.181 [main] INFO  o.s.b.w.e.tomcat.TomcatWebServer - Tomcat started on port(s): 8003 (http) with context path ''
2020-12-01 22:31:54.647 [main] INFO  o.s.cloud.commons.util.InetUtils - Cannot determine local hostname
2020-12-01 22:31:54.649 [main] INFO  com.ltz.news.UserApplication - Started UserApplication in 28.937 seconds (JVM running for 32.481)
2020-12-01 22:35:39.829 [http-nio-8003-exec-1] INFO  o.a.c.c.C.[Tomcat].[localhost].[/] - Initializing Spring DispatcherServlet 'dispatcherServlet'
2020-12-01 22:35:39.830 [http-nio-8003-exec-1] INFO  o.s.web.servlet.DispatcherServlet - Initializing Servlet 'dispatcherServlet'
2020-12-01 22:35:39.841 [http-nio-8003-exec-1] INFO  o.s.web.servlet.DispatcherServlet - Completed initialization in 11 ms
2020-12-01 22:35:40.047 [http-nio-8003-exec-1] INFO  io.lettuce.core.EpollProvider - Starting without optional epoll library
2020-12-01 22:35:40.049 [http-nio-8003-exec-1] INFO  io.lettuce.core.KqueueProvider - Starting without optional kqueue library
2020-12-01 22:35:41.654 [http-nio-8003-exec-1] INFO  com.ltz.news.aspect.ServiceLogAspect - ==== 开始执行 class com.ltz.news.service.impl.PassportServiceImpl.getSMSCode====
2020-12-01 22:35:41.677 [http-nio-8003-exec-1] INFO  com.ltz.news.aspect.ServiceLogAspect - 当前执行耗时：23
2020-12-01 22:35:53.031 [http-nio-8003-exec-4] INFO  com.ltz.news.aspect.ServiceLogAspect - ==== 开始执行 class com.ltz.news.service.impl.PassportServiceImpl.doLogin====
2020-12-01 22:35:53.038 [http-nio-8003-exec-4] INFO  com.ltz.news.aspect.ServiceLogAspect - ==== 开始执行 class com.ltz.news.service.impl.UserServiceImpl.queryMobileIsExist====
2020-12-01 22:35:53.139 [http-nio-8003-exec-4] INFO  com.zaxxer.hikari.HikariDataSource - DateSourceHikariCP - Starting...
2020-12-01 22:35:53.366 [http-nio-8003-exec-4] INFO  com.zaxxer.hikari.HikariDataSource - DateSourceHikariCP - Start completed.
2020-12-01 22:35:53.468 [http-nio-8003-exec-4] INFO  com.ltz.news.aspect.ServiceLogAspect - 当前执行耗时：430
2020-12-01 22:35:53.495 [http-nio-8003-exec-4] INFO  com.ltz.news.aspect.ServiceLogAspect - 当前执行耗时：464
2020-12-01 22:37:59.733 [http-nio-8003-exec-7] INFO  com.ltz.news.aspect.ServiceLogAspect - ==== 开始执行 class com.ltz.news.service.impl.PassportServiceImpl.getSMSCode====
2020-12-01 22:37:59.736 [http-nio-8003-exec-7] INFO  com.ltz.news.aspect.ServiceLogAspect - 当前执行耗时：3
2020-12-01 22:38:11.474 [http-nio-8003-exec-10] INFO  com.ltz.news.aspect.ServiceLogAspect - ==== 开始执行 class com.ltz.news.service.impl.PassportServiceImpl.doLogin====
2020-12-01 22:38:11.476 [http-nio-8003-exec-10] INFO  com.ltz.news.aspect.ServiceLogAspect - ==== 开始执行 class com.ltz.news.service.impl.UserServiceImpl.queryMobileIsExist====
2020-12-01 22:38:11.482 [http-nio-8003-exec-10] INFO  com.ltz.news.aspect.ServiceLogAspect - 当前执行耗时：6
2020-12-01 22:38:11.487 [http-nio-8003-exec-10] INFO  com.ltz.news.aspect.ServiceLogAspect - 当前执行耗时：13
2020-12-01 22:39:07.626 [http-nio-8003-exec-4] INFO  com.ltz.news.aspect.ServiceLogAspect - ==== 开始执行 class com.ltz.news.service.impl.AppUserMngServiceImpl.queryAllUserList====
2020-12-01 22:39:07.710 [http-nio-8003-exec-4] INFO  com.ltz.news.aspect.ServiceLogAspect - 当前执行耗时：83
2020-12-01 22:39:56.312 [http-nio-8003-exec-8] INFO  com.ltz.news.aspect.ServiceLogAspect - ==== 开始执行 class com.ltz.news.service.impl.AppUserMngServiceImpl.queryAllUserList====
2020-12-01 22:39:56.325 [http-nio-8003-exec-8] INFO  com.ltz.news.aspect.ServiceLogAspect - 当前执行耗时：13
2020-12-01 22:40:47.790 [http-nio-8003-exec-1] INFO  com.ltz.news.aspect.ServiceLogAspect - ==== 开始执行 class com.ltz.news.service.impl.PassportServiceImpl.getSMSCode====
2020-12-01 22:40:47.793 [http-nio-8003-exec-1] INFO  com.ltz.news.aspect.ServiceLogAspect - 当前执行耗时：2
2020-12-01 22:41:02.130 [http-nio-8003-exec-4] INFO  com.ltz.news.aspect.ServiceLogAspect - ==== 开始执行 class com.ltz.news.service.impl.PassportServiceImpl.doLogin====
2020-12-01 22:41:02.132 [http-nio-8003-exec-4] INFO  com.ltz.news.aspect.ServiceLogAspect - ==== 开始执行 class com.ltz.news.service.impl.UserServiceImpl.queryMobileIsExist====
2020-12-01 22:41:02.138 [http-nio-8003-exec-4] INFO  com.ltz.news.aspect.ServiceLogAspect - 当前执行耗时：6
2020-12-01 22:41:02.144 [http-nio-8003-exec-4] INFO  com.ltz.news.aspect.ServiceLogAspect - 当前执行耗时：14
2020-12-01 22:47:00.983 [main] INFO  com.ltz.news.UserApplication - No active profile set, falling back to default profiles: default
2020-12-01 22:47:03.791 [main] INFO  o.s.d.r.c.RepositoryConfigurationDelegate - Multiple Spring Data modules found, entering strict repository configuration mode!
2020-12-01 22:47:03.792 [main] INFO  o.s.d.r.c.RepositoryConfigurationDelegate - Bootstrapping Spring Data MongoDB repositories in DEFAULT mode.
2020-12-01 22:47:03.946 [main] INFO  o.s.d.r.c.RepositoryConfigurationDelegate - Finished Spring Data repository scanning in 142ms. Found 0 MongoDB repository interfaces.
2020-12-01 22:47:03.973 [main] INFO  o.s.d.r.c.RepositoryConfigurationDelegate - Multiple Spring Data modules found, entering strict repository configuration mode!
2020-12-01 22:47:03.975 [main] INFO  o.s.d.r.c.RepositoryConfigurationDelegate - Bootstrapping Spring Data Redis repositories in DEFAULT mode.
2020-12-01 22:47:04.074 [main] INFO  o.s.d.r.c.RepositoryConfigurationDelegate - Finished Spring Data repository scanning in 79ms. Found 0 Redis repository interfaces.
2020-12-01 22:47:04.483 [main] WARN  o.m.s.mapper.ClassPathMapperScanner - No MyBatis mapper was found in '[com.ltz.news]' package. Please check your configuration.
2020-12-01 22:47:04.712 [main] INFO  o.s.cloud.context.scope.GenericScope - BeanFactory id=0bb0d390-718f-36ce-b830-dafbff96a634
2020-12-01 22:47:06.450 [main] INFO  o.s.b.w.e.tomcat.TomcatWebServer - Tomcat initialized with port(s): 8003 (http)
2020-12-01 22:47:06.480 [main] INFO  o.a.coyote.http11.Http11NioProtocol - Initializing ProtocolHandler ["http-nio-8003"]
2020-12-01 22:47:06.481 [main] INFO  o.a.catalina.core.StandardService - Starting service [Tomcat]
2020-12-01 22:47:06.481 [main] INFO  o.a.catalina.core.StandardEngine - Starting Servlet engine: [Apache Tomcat/9.0.36]
2020-12-01 22:47:07.187 [main] INFO  o.a.c.c.C.[Tomcat].[localhost].[/] - Initializing Spring embedded WebApplicationContext
2020-12-01 22:47:07.187 [main] INFO  o.s.b.w.s.c.ServletWebServerApplicationContext - Root WebApplicationContext: initialization completed in 6093 ms
2020-12-01 22:47:16.295 [main] INFO  s.d.s.w.PropertySourcedRequestMappingHandlerMapping - Mapped URL path [/v2/api-docs] onto method [springfox.documentation.swagger2.web.Swagger2Controller#getDocumentation(String, HttpServletRequest)]
2020-12-01 22:47:16.466 [main] WARN  c.n.c.sources.URLConfigurationSource - No URLs will be polled as dynamic configuration sources.
2020-12-01 22:47:16.466 [main] INFO  c.n.c.sources.URLConfigurationSource - To enable URLs as dynamic configuration sources, define System property archaius.configurationSource.additionalUrls or make config.properties available on classpath.
2020-12-01 22:47:16.481 [main] WARN  c.n.c.sources.URLConfigurationSource - No URLs will be polled as dynamic configuration sources.
2020-12-01 22:47:16.481 [main] INFO  c.n.c.sources.URLConfigurationSource - To enable URLs as dynamic configuration sources, define System property archaius.configurationSource.additionalUrls or make config.properties available on classpath.
2020-12-01 22:47:16.795 [main] INFO  o.s.s.c.ThreadPoolTaskExecutor - Initializing ExecutorService 'applicationTaskExecutor'
2020-12-01 22:47:17.064 [main] INFO  t.m.m.a.MapperCacheDisabler - Clear tk.mybatis.mapper.util.MsUtil CLASS_CACHE cache.
2020-12-01 22:47:17.065 [main] INFO  t.m.m.a.MapperCacheDisabler - Clear tk.mybatis.mapper.genid.GenIdUtil CACHE cache.
2020-12-01 22:47:17.066 [main] INFO  t.m.m.a.MapperCacheDisabler - Clear tk.mybatis.mapper.version.VersionUtil CACHE cache.
2020-12-01 22:47:17.067 [main] INFO  t.m.m.a.MapperCacheDisabler - Clear EntityHelper entityTableMap cache.
2020-12-01 22:47:20.129 [main] INFO  o.s.cloud.commons.util.InetUtils - Cannot determine local hostname
2020-12-01 22:47:20.289 [main] INFO  s.d.s.w.p.DocumentationPluginsBootstrapper - Context refreshed
2020-12-01 22:47:20.319 [main] INFO  s.d.s.w.p.DocumentationPluginsBootstrapper - Found 1 custom documentation plugin(s)
2020-12-01 22:47:20.475 [main] INFO  s.d.s.w.s.ApiListingReferenceScanner - Scanning for api listing references
2020-12-01 22:47:20.991 [main] INFO  o.a.coyote.http11.Http11NioProtocol - Starting ProtocolHandler ["http-nio-8003"]
2020-12-01 22:47:21.060 [main] INFO  o.s.b.w.e.tomcat.TomcatWebServer - Tomcat started on port(s): 8003 (http) with context path ''
2020-12-01 22:47:24.219 [main] INFO  o.s.cloud.commons.util.InetUtils - Cannot determine local hostname
2020-12-01 22:47:24.221 [main] INFO  com.ltz.news.UserApplication - Started UserApplication in 34.794 seconds (JVM running for 39.131)
2020-12-01 22:50:05.817 [http-nio-8003-exec-1] INFO  o.a.c.c.C.[Tomcat].[localhost].[/] - Initializing Spring DispatcherServlet 'dispatcherServlet'
2020-12-01 22:50:05.818 [http-nio-8003-exec-1] INFO  o.s.web.servlet.DispatcherServlet - Initializing Servlet 'dispatcherServlet'
2020-12-01 22:50:05.832 [http-nio-8003-exec-1] INFO  o.s.web.servlet.DispatcherServlet - Completed initialization in 14 ms
2020-12-01 22:50:06.045 [http-nio-8003-exec-1] INFO  io.lettuce.core.EpollProvider - Starting without optional epoll library
2020-12-01 22:50:06.048 [http-nio-8003-exec-1] INFO  io.lettuce.core.KqueueProvider - Starting without optional kqueue library
2020-12-01 22:50:07.845 [http-nio-8003-exec-1] INFO  com.ltz.news.aspect.ServiceLogAspect - ==== 开始执行 class com.ltz.news.service.impl.PassportServiceImpl.getSMSCode====
2020-12-01 22:50:07.866 [http-nio-8003-exec-1] INFO  com.ltz.news.aspect.ServiceLogAspect - 当前执行耗时：21
2020-12-01 22:50:18.382 [http-nio-8003-exec-5] INFO  com.ltz.news.aspect.ServiceLogAspect - ==== 开始执行 class com.ltz.news.service.impl.PassportServiceImpl.doLogin====
2020-12-01 22:50:18.390 [http-nio-8003-exec-5] INFO  com.ltz.news.aspect.ServiceLogAspect - ==== 开始执行 class com.ltz.news.service.impl.UserServiceImpl.queryMobileIsExist====
2020-12-01 22:50:18.508 [http-nio-8003-exec-5] INFO  com.zaxxer.hikari.HikariDataSource - DateSourceHikariCP - Starting...
2020-12-01 22:50:18.746 [http-nio-8003-exec-5] INFO  com.zaxxer.hikari.HikariDataSource - DateSourceHikariCP - Start completed.
2020-12-01 22:50:18.796 [http-nio-8003-exec-5] INFO  com.ltz.news.aspect.ServiceLogAspect - 当前执行耗时：406
2020-12-01 22:50:18.820 [http-nio-8003-exec-5] INFO  com.ltz.news.aspect.ServiceLogAspect - 当前执行耗时：438
2020-12-01 22:52:46.027 [http-nio-8003-exec-10] INFO  com.ltz.news.aspect.ServiceLogAspect - ==== 开始执行 class com.ltz.news.service.impl.PassportServiceImpl.getSMSCode====
2020-12-01 22:52:46.029 [http-nio-8003-exec-10] INFO  com.ltz.news.aspect.ServiceLogAspect - 当前执行耗时：2
2020-12-01 22:53:06.446 [http-nio-8003-exec-7] INFO  com.ltz.news.aspect.ServiceLogAspect - ==== 开始执行 class com.ltz.news.service.impl.PassportServiceImpl.doLogin====
2020-12-01 22:53:06.447 [http-nio-8003-exec-7] INFO  com.ltz.news.aspect.ServiceLogAspect - ==== 开始执行 class com.ltz.news.service.impl.UserServiceImpl.queryMobileIsExist====
2020-12-01 22:53:06.454 [http-nio-8003-exec-7] INFO  com.ltz.news.aspect.ServiceLogAspect - 当前执行耗时：6
2020-12-01 22:53:06.458 [http-nio-8003-exec-7] INFO  com.ltz.news.aspect.ServiceLogAspect - 当前执行耗时：12
2020-12-01 22:53:18.051 [http-nio-8003-exec-6] INFO  com.ltz.news.aspect.ServiceLogAspect - ==== 开始执行 class com.ltz.news.service.impl.PassportServiceImpl.doLogin====
2020-12-01 22:53:18.052 [http-nio-8003-exec-6] INFO  com.ltz.news.aspect.ServiceLogAspect - 当前执行耗时：1
2020-12-01 22:53:29.247 [http-nio-8003-exec-7] INFO  com.ltz.news.aspect.ServiceLogAspect - ==== 开始执行 class com.ltz.news.service.impl.PassportServiceImpl.doLogin====
2020-12-01 22:53:29.249 [http-nio-8003-exec-7] INFO  com.ltz.news.aspect.ServiceLogAspect - 当前执行耗时：2
2020-12-01 22:54:34.439 [http-nio-8003-exec-3] INFO  com.ltz.news.aspect.ServiceLogAspect - ==== 开始执行 class com.ltz.news.service.impl.PassportServiceImpl.getSMSCode====
2020-12-01 22:54:34.441 [http-nio-8003-exec-3] INFO  com.ltz.news.aspect.ServiceLogAspect - 当前执行耗时：2
2020-12-01 22:54:50.125 [http-nio-8003-exec-6] INFO  com.ltz.news.aspect.ServiceLogAspect - ==== 开始执行 class com.ltz.news.service.impl.PassportServiceImpl.doLogin====
2020-12-01 22:54:50.127 [http-nio-8003-exec-6] INFO  com.ltz.news.aspect.ServiceLogAspect - ==== 开始执行 class com.ltz.news.service.impl.UserServiceImpl.queryMobileIsExist====
2020-12-01 22:54:50.132 [http-nio-8003-exec-6] INFO  com.ltz.news.aspect.ServiceLogAspect - 当前执行耗时：5
2020-12-01 22:54:50.137 [http-nio-8003-exec-6] INFO  com.ltz.news.aspect.ServiceLogAspect - 当前执行耗时：12
2020-12-01 22:54:50.425 [http-nio-8003-exec-10] INFO  com.ltz.news.aspect.ServiceLogAspect - ==== 开始执行 class com.ltz.news.service.impl.UserServiceImpl.getUserInfo====
2020-12-01 22:54:50.466 [http-nio-8003-exec-10] INFO  com.ltz.news.aspect.ServiceLogAspect - 当前执行耗时：41
2020-12-01 22:55:16.988 [http-nio-8003-exec-7] INFO  com.ltz.news.aspect.ServiceLogAspect - ==== 开始执行 class com.ltz.news.service.impl.UserServiceImpl.getUserInfo====
2020-12-01 22:55:16.988 [http-nio-8003-exec-1] INFO  com.ltz.news.aspect.ServiceLogAspect - ==== 开始执行 class com.ltz.news.service.impl.UserServiceImpl.getUserInfo====
2020-12-01 22:55:16.990 [http-nio-8003-exec-1] INFO  com.ltz.news.aspect.ServiceLogAspect - 当前执行耗时：2
2020-12-01 22:55:16.990 [http-nio-8003-exec-7] INFO  com.ltz.news.aspect.ServiceLogAspect - 当前执行耗时：2
2020-12-01 22:55:25.151 [http-nio-8003-exec-10] INFO  com.ltz.news.aspect.ServiceLogAspect - ==== 开始执行 class com.ltz.news.service.impl.UserServiceImpl.getUserInfo====
2020-12-01 22:55:25.155 [http-nio-8003-exec-10] INFO  com.ltz.news.aspect.ServiceLogAspect - 当前执行耗时：3
2020-12-01 22:55:28.911 [http-nio-8003-exec-4] INFO  com.ltz.news.aspect.ServiceLogAspect - ==== 开始执行 class com.ltz.news.service.impl.UserServiceImpl.getUserInfo====
2020-12-01 22:55:28.913 [http-nio-8003-exec-4] INFO  com.ltz.news.aspect.ServiceLogAspect - 当前执行耗时：1
2020-12-01 22:55:30.685 [http-nio-8003-exec-9] INFO  com.ltz.news.aspect.ServiceLogAspect - ==== 开始执行 class com.ltz.news.service.impl.UserServiceImpl.getUserInfo====
2020-12-01 22:55:30.688 [http-nio-8003-exec-9] INFO  com.ltz.news.aspect.ServiceLogAspect - 当前执行耗时：3
2020-12-01 22:55:32.386 [http-nio-8003-exec-10] INFO  com.ltz.news.aspect.ServiceLogAspect - ==== 开始执行 class com.ltz.news.service.impl.UserServiceImpl.getUserInfo====
2020-12-01 22:55:32.388 [http-nio-8003-exec-10] INFO  com.ltz.news.aspect.ServiceLogAspect - 当前执行耗时：2
2020-12-01 22:55:32.408 [http-nio-8003-exec-4] INFO  com.ltz.news.aspect.ServiceLogAspect - ==== 开始执行 class com.ltz.news.service.impl.UserServiceImpl.getAccountInfo====
2020-12-01 22:55:32.418 [http-nio-8003-exec-4] INFO  com.ltz.news.aspect.ServiceLogAspect - 当前执行耗时：9
2020-12-01 22:55:35.021 [http-nio-8003-exec-9] INFO  com.ltz.news.aspect.ServiceLogAspect - ==== 开始执行 class com.ltz.news.service.impl.UserServiceImpl.getUserInfo====
2020-12-01 22:55:35.023 [http-nio-8003-exec-9] INFO  com.ltz.news.aspect.ServiceLogAspect - 当前执行耗时：2
2020-12-01 22:55:36.821 [http-nio-8003-exec-8] INFO  com.ltz.news.aspect.ServiceLogAspect - ==== 开始执行 class com.ltz.news.service.impl.UserServiceImpl.getAccountInfo====
2020-12-01 22:55:36.822 [http-nio-8003-exec-8] INFO  com.ltz.news.aspect.ServiceLogAspect - 当前执行耗时：1
2020-12-01 22:55:36.839 [http-nio-8003-exec-10] INFO  com.ltz.news.aspect.ServiceLogAspect - ==== 开始执行 class com.ltz.news.service.impl.UserServiceImpl.getUserInfo====
2020-12-01 22:55:36.841 [http-nio-8003-exec-10] INFO  com.ltz.news.aspect.ServiceLogAspect - 当前执行耗时：2
2020-12-01 22:55:38.768 [http-nio-8003-exec-4] INFO  com.ltz.news.aspect.ServiceLogAspect - ==== 开始执行 class com.ltz.news.service.impl.UserServiceImpl.getUserInfo====
2020-12-01 22:55:38.769 [http-nio-8003-exec-4] INFO  com.ltz.news.aspect.ServiceLogAspect - 当前执行耗时：1
2020-12-01 22:55:39.870 [http-nio-8003-exec-7] INFO  com.ltz.news.aspect.ServiceLogAspect - ==== 开始执行 class com.ltz.news.service.impl.UserServiceImpl.getUserInfo====
2020-12-01 22:55:39.875 [http-nio-8003-exec-7] INFO  com.ltz.news.aspect.ServiceLogAspect - 当前执行耗时：5
2020-12-01 22:55:39.897 [http-nio-8003-exec-2] INFO  com.ltz.news.aspect.ServiceLogAspect - ==== 开始执行 class com.ltz.news.service.impl.UserServiceImpl.getAccountInfo====
2020-12-01 22:55:39.901 [http-nio-8003-exec-2] INFO  com.ltz.news.aspect.ServiceLogAspect - 当前执行耗时：4
2020-12-01 22:55:40.926 [http-nio-8003-exec-3] INFO  com.ltz.news.aspect.ServiceLogAspect - ==== 开始执行 class com.ltz.news.service.impl.UserServiceImpl.getUserInfo====
2020-12-01 22:55:40.928 [http-nio-8003-exec-3] INFO  com.ltz.news.aspect.ServiceLogAspect - 当前执行耗时：2
2020-12-01 22:55:56.962 [http-nio-8003-exec-8] INFO  com.ltz.news.aspect.ServiceLogAspect - ==== 开始执行 class com.ltz.news.service.impl.AppUserMngServiceImpl.queryAllUserList====
2020-12-01 22:55:57.045 [http-nio-8003-exec-8] INFO  com.ltz.news.aspect.ServiceLogAspect - 当前执行耗时：83
2020-12-01 22:56:02.708 [http-nio-8003-exec-4] INFO  com.ltz.news.aspect.ServiceLogAspect - ==== 开始执行 class com.ltz.news.service.impl.AppUserMngServiceImpl.queryAllUserList====
2020-12-01 22:56:02.722 [http-nio-8003-exec-4] INFO  com.ltz.news.aspect.ServiceLogAspect - 当前执行耗时：14
2020-12-01 22:56:09.206 [http-nio-8003-exec-3] INFO  com.ltz.news.aspect.ServiceLogAspect - ==== 开始执行 class com.ltz.news.service.impl.UserServiceImpl.getUserInfo====
2020-12-01 22:56:09.208 [http-nio-8003-exec-3] INFO  com.ltz.news.aspect.ServiceLogAspect - 当前执行耗时：2
2020-12-01 22:56:30.945 [http-nio-8003-exec-6] INFO  com.ltz.news.aspect.ServiceLogAspect - ==== 开始执行 class com.ltz.news.service.impl.UserServiceImpl.getUserInfo====
2020-12-01 22:56:30.947 [http-nio-8003-exec-6] INFO  com.ltz.news.aspect.ServiceLogAspect - 当前执行耗时：2
2020-12-01 22:57:16.064 [http-nio-8003-exec-4] INFO  com.ltz.news.aspect.ServiceLogAspect - ==== 开始执行 class com.ltz.news.service.impl.UserServiceImpl.getUserInfo====
2020-12-01 22:57:16.067 [http-nio-8003-exec-4] INFO  com.ltz.news.aspect.ServiceLogAspect - 当前执行耗时：2
2020-12-01 22:57:17.800 [http-nio-8003-exec-1] INFO  com.ltz.news.aspect.ServiceLogAspect - ==== 开始执行 class com.ltz.news.service.impl.UserServiceImpl.getUserInfo====
2020-12-01 22:57:17.803 [http-nio-8003-exec-1] INFO  com.ltz.news.aspect.ServiceLogAspect - 当前执行耗时：3
2020-12-01 22:57:32.390 [http-nio-8003-exec-2] INFO  com.ltz.news.aspect.ServiceLogAspect - ==== 开始执行 class com.ltz.news.service.impl.UserServiceImpl.getUserInfo====
2020-12-01 22:57:32.392 [http-nio-8003-exec-2] INFO  com.ltz.news.aspect.ServiceLogAspect - 当前执行耗时：1
2020-12-01 22:57:45.037 [http-nio-8003-exec-9] INFO  com.ltz.news.aspect.ServiceLogAspect - ==== 开始执行 class com.ltz.news.service.impl.UserServiceImpl.getUserInfo====
2020-12-01 22:57:45.039 [http-nio-8003-exec-9] INFO  com.ltz.news.aspect.ServiceLogAspect - 当前执行耗时：2
2020-12-01 22:57:48.777 [http-nio-8003-exec-6] INFO  com.ltz.news.aspect.ServiceLogAspect - ==== 开始执行 class com.ltz.news.service.impl.UserServiceImpl.getUserInfo====
2020-12-01 22:57:48.778 [http-nio-8003-exec-6] INFO  com.ltz.news.aspect.ServiceLogAspect - 当前执行耗时：1
2020-12-01 22:58:11.783 [http-nio-8003-exec-4] INFO  com.ltz.news.aspect.ServiceLogAspect - ==== 开始执行 class com.ltz.news.service.impl.UserServiceImpl.getUserInfo====
2020-12-01 22:58:11.786 [http-nio-8003-exec-4] INFO  com.ltz.news.aspect.ServiceLogAspect - 当前执行耗时：2
2020-12-01 22:58:18.445 [http-nio-8003-exec-2] INFO  com.ltz.news.aspect.ServiceLogAspect - ==== 开始执行 class com.ltz.news.service.impl.UserServiceImpl.getUserInfo====
2020-12-01 22:58:18.447 [http-nio-8003-exec-2] INFO  com.ltz.news.aspect.ServiceLogAspect - 当前执行耗时：2
2020-12-01 22:58:20.566 [http-nio-8003-exec-3] INFO  com.ltz.news.aspect.ServiceLogAspect - ==== 开始执行 class com.ltz.news.service.impl.UserServiceImpl.getUserInfo====
2020-12-01 22:58:20.567 [http-nio-8003-exec-3] INFO  com.ltz.news.aspect.ServiceLogAspect - 当前执行耗时：1
2020-12-01 22:58:26.138 [http-nio-8003-exec-6] INFO  com.ltz.news.aspect.ServiceLogAspect - ==== 开始执行 class com.ltz.news.service.impl.UserServiceImpl.getUserInfo====
2020-12-01 22:58:26.140 [http-nio-8003-exec-6] INFO  com.ltz.news.aspect.ServiceLogAspect - 当前执行耗时：2
2020-12-01 23:15:08.317 [http-nio-8003-exec-4] INFO  com.ltz.news.aspect.ServiceLogAspect - ==== 开始执行 class com.ltz.news.service.impl.UserServiceImpl.getUserInfo====
2020-12-01 23:15:08.318 [http-nio-8003-exec-4] INFO  com.ltz.news.aspect.ServiceLogAspect - 当前执行耗时：1
2020-12-01 23:15:31.036 [http-nio-8003-exec-7] INFO  com.ltz.news.aspect.ServiceLogAspect - ==== 开始执行 class com.ltz.news.service.impl.UserServiceImpl.getUserInfo====
2020-12-01 23:15:31.039 [http-nio-8003-exec-7] INFO  com.ltz.news.aspect.ServiceLogAspect - 当前执行耗时：2
2020-12-01 23:15:45.491 [http-nio-8003-exec-3] INFO  com.ltz.news.aspect.ServiceLogAspect - ==== 开始执行 class com.ltz.news.service.impl.UserServiceImpl.getUserInfo====
2020-12-01 23:15:45.494 [http-nio-8003-exec-3] INFO  com.ltz.news.aspect.ServiceLogAspect - 当前执行耗时：3
2020-12-01 23:15:56.768 [http-nio-8003-exec-9] INFO  com.ltz.news.aspect.ServiceLogAspect - ==== 开始执行 class com.ltz.news.service.impl.UserServiceImpl.getUserInfo====
2020-12-01 23:15:56.785 [http-nio-8003-exec-9] INFO  com.ltz.news.aspect.ServiceLogAspect - 当前执行耗时：16
2020-12-01 23:16:04.939 [http-nio-8003-exec-6] INFO  com.ltz.news.aspect.ServiceLogAspect - ==== 开始执行 class com.ltz.news.service.impl.UserServiceImpl.getUserInfo====
2020-12-01 23:16:04.941 [http-nio-8003-exec-6] INFO  com.ltz.news.aspect.ServiceLogAspect - 当前执行耗时：2
2020-12-01 23:17:39.898 [http-nio-8003-exec-4] INFO  com.ltz.news.aspect.ServiceLogAspect - ==== 开始执行 class com.ltz.news.service.impl.UserServiceImpl.getUserInfo====
2020-12-01 23:17:39.901 [http-nio-8003-exec-4] INFO  com.ltz.news.aspect.ServiceLogAspect - 当前执行耗时：2
2020-12-01 23:21:49.962 [http-nio-8003-exec-2] INFO  com.ltz.news.aspect.ServiceLogAspect - ==== 开始执行 class com.ltz.news.service.impl.UserServiceImpl.getUserInfo====
2020-12-01 23:21:49.966 [http-nio-8003-exec-2] INFO  com.ltz.news.aspect.ServiceLogAspect - 当前执行耗时：3
2020-12-01 23:21:51.300 [http-nio-8003-exec-3] INFO  com.ltz.news.aspect.ServiceLogAspect - ==== 开始执行 class com.ltz.news.service.impl.UserServiceImpl.getUserInfo====
2020-12-01 23:21:51.301 [http-nio-8003-exec-3] INFO  com.ltz.news.aspect.ServiceLogAspect - 当前执行耗时：1
