2020-12-01 22:31:52.116 [main] INFO  com.ltz.news.AdminApplication - No active profile set, falling back to default profiles: default
2020-12-01 22:31:54.234 [main] INFO  o.s.d.r.c.RepositoryConfigurationDelegate - Multiple Spring Data modules found, entering strict repository configuration mode!
2020-12-01 22:31:54.235 [main] INFO  o.s.d.r.c.RepositoryConfigurationDelegate - Bootstrapping Spring Data MongoDB repositories in DEFAULT mode.
2020-12-01 22:31:54.462 [main] INFO  o.s.d.r.c.RepositoryConfigurationDelegate - Finished Spring Data repository scanning in 217ms. Found 1 MongoDB repository interfaces.
2020-12-01 22:31:54.490 [main] INFO  o.s.d.r.c.RepositoryConfigurationDelegate - Multiple Spring Data modules found, entering strict repository configuration mode!
2020-12-01 22:31:54.492 [main] INFO  o.s.d.r.c.RepositoryConfigurationDelegate - Bootstrapping Spring Data Redis repositories in DEFAULT mode.
2020-12-01 22:31:54.573 [main] INFO  o.s.d.r.c.RepositoryConfigurationExtensionSupport - Spring Data Redis - Could not safely identify store assignment for repository candidate interface com.ltz.news.repository.FriendLinkRepository. If you want this repository to be a Redis repository, consider annotating your entities with one of these annotations: org.springframework.data.redis.core.RedisHash (preferred), or consider extending one of the following types with your repository: org.springframework.data.keyvalue.repository.KeyValueRepository.
2020-12-01 22:31:54.573 [main] INFO  o.s.d.r.c.RepositoryConfigurationDelegate - Finished Spring Data repository scanning in 69ms. Found 0 Redis repository interfaces.
2020-12-01 22:31:54.886 [main] WARN  o.m.s.mapper.ClassPathMapperScanner - No MyBatis mapper was found in '[com.ltz.news]' package. Please check your configuration.
2020-12-01 22:31:55.043 [main] INFO  o.s.cloud.context.scope.GenericScope - BeanFactory id=2e9c2861-ba3c-338a-8c64-50d1f4b507e9
2020-12-01 22:31:56.206 [main] INFO  o.s.b.w.e.tomcat.TomcatWebServer - Tomcat initialized with port(s): 8005 (http)
2020-12-01 22:31:56.239 [main] INFO  o.a.coyote.http11.Http11NioProtocol - Initializing ProtocolHandler ["http-nio-8005"]
2020-12-01 22:31:56.240 [main] INFO  o.a.catalina.core.StandardService - Starting service [Tomcat]
2020-12-01 22:31:56.241 [main] INFO  o.a.catalina.core.StandardEngine - Starting Servlet engine: [Apache Tomcat/9.0.36]
2020-12-01 22:31:56.758 [main] INFO  o.a.c.c.C.[Tomcat].[localhost].[/] - Initializing Spring embedded WebApplicationContext
2020-12-01 22:31:56.758 [main] INFO  o.s.b.w.s.c.ServletWebServerApplicationContext - Root WebApplicationContext: initialization completed in 4606 ms
2020-12-01 22:32:00.216 [main] INFO  org.mongodb.driver.cluster - Cluster created with settings {hosts=[127.0.0.1:27017], mode=SINGLE, requiredClusterType=UNKNOWN, serverSelectionTimeout='30000 ms', maxWaitQueueSize=500}
2020-12-01 22:32:00.335 [cluster-ClusterId{value='5fc6b6509c7c62707a2a07b5', description='null'}-127.0.0.1:27017] INFO  org.mongodb.driver.connection - Opened connection [connectionId{localValue:1, serverValue:73}] to 127.0.0.1:27017
2020-12-01 22:32:00.347 [cluster-ClusterId{value='5fc6b6509c7c62707a2a07b5', description='null'}-127.0.0.1:27017] INFO  org.mongodb.driver.cluster - Monitor thread successfully connected to server with description ServerDescription{address=127.0.0.1:27017, type=STANDALONE, state=CONNECTED, ok=true, version=ServerVersion{versionList=[4, 2, 6]}, minWireVersion=0, maxWireVersion=8, maxDocumentSize=16777216, logicalSessionTimeoutMinutes=30, roundTripTimeNanos=7093500}
2020-12-01 22:32:01.388 [main] INFO  s.d.s.w.PropertySourcedRequestMappingHandlerMapping - Mapped URL path [/v2/api-docs] onto method [springfox.documentation.swagger2.web.Swagger2Controller#getDocumentation(String, HttpServletRequest)]
2020-12-01 22:32:01.416 [main] WARN  c.n.c.sources.URLConfigurationSource - No URLs will be polled as dynamic configuration sources.
2020-12-01 22:32:01.417 [main] INFO  c.n.c.sources.URLConfigurationSource - To enable URLs as dynamic configuration sources, define System property archaius.configurationSource.additionalUrls or make config.properties available on classpath.
2020-12-01 22:32:01.424 [main] WARN  c.n.c.sources.URLConfigurationSource - No URLs will be polled as dynamic configuration sources.
2020-12-01 22:32:01.424 [main] INFO  c.n.c.sources.URLConfigurationSource - To enable URLs as dynamic configuration sources, define System property archaius.configurationSource.additionalUrls or make config.properties available on classpath.
2020-12-01 22:32:01.590 [main] INFO  o.s.s.c.ThreadPoolTaskExecutor - Initializing ExecutorService 'applicationTaskExecutor'
2020-12-01 22:32:01.734 [main] INFO  t.m.m.a.MapperCacheDisabler - Clear tk.mybatis.mapper.util.MsUtil CLASS_CACHE cache.
2020-12-01 22:32:01.735 [main] INFO  t.m.m.a.MapperCacheDisabler - Clear tk.mybatis.mapper.genid.GenIdUtil CACHE cache.
2020-12-01 22:32:01.736 [main] INFO  t.m.m.a.MapperCacheDisabler - Clear tk.mybatis.mapper.version.VersionUtil CACHE cache.
2020-12-01 22:32:01.736 [main] INFO  t.m.m.a.MapperCacheDisabler - Clear EntityHelper entityTableMap cache.
2020-12-01 22:32:04.168 [main] INFO  o.s.cloud.commons.util.InetUtils - Cannot determine local hostname
2020-12-01 22:32:04.301 [main] INFO  s.d.s.w.p.DocumentationPluginsBootstrapper - Context refreshed
2020-12-01 22:32:04.321 [main] INFO  s.d.s.w.p.DocumentationPluginsBootstrapper - Found 1 custom documentation plugin(s)
2020-12-01 22:32:04.375 [main] INFO  s.d.s.w.s.ApiListingReferenceScanner - Scanning for api listing references
2020-12-01 22:32:04.790 [main] INFO  o.a.coyote.http11.Http11NioProtocol - Starting ProtocolHandler ["http-nio-8005"]
2020-12-01 22:32:04.825 [main] INFO  o.s.b.w.e.tomcat.TomcatWebServer - Tomcat started on port(s): 8005 (http) with context path ''
2020-12-01 22:32:06.691 [main] INFO  o.s.cloud.commons.util.InetUtils - Cannot determine local hostname
2020-12-01 22:32:06.697 [main] INFO  com.ltz.news.AdminApplication - Started AdminApplication in 21.534 seconds (JVM running for 25.36)
2020-12-01 22:35:54.017 [http-nio-8005-exec-2] INFO  o.a.c.c.C.[Tomcat].[localhost].[/] - Initializing Spring DispatcherServlet 'dispatcherServlet'
2020-12-01 22:35:54.017 [http-nio-8005-exec-2] INFO  o.s.web.servlet.DispatcherServlet - Initializing Servlet 'dispatcherServlet'
2020-12-01 22:35:54.029 [http-nio-8005-exec-2] INFO  o.s.web.servlet.DispatcherServlet - Completed initialization in 12 ms
2020-12-01 22:35:54.096 [http-nio-8005-exec-2] INFO  com.ltz.news.aspect.ServiceLogAspect - ==== 开始执行 class com.ltz.news.service.impl.CategoryServiceImpl.getCats====
2020-12-01 22:35:54.257 [http-nio-8005-exec-2] INFO  io.lettuce.core.EpollProvider - Starting without optional epoll library
2020-12-01 22:35:54.259 [http-nio-8005-exec-2] INFO  io.lettuce.core.KqueueProvider - Starting without optional kqueue library
2020-12-01 22:35:55.744 [http-nio-8005-exec-2] INFO  com.zaxxer.hikari.HikariDataSource - DateSourceHikariCP - Starting...
2020-12-01 22:35:55.934 [http-nio-8005-exec-2] INFO  com.zaxxer.hikari.HikariDataSource - DateSourceHikariCP - Start completed.
2020-12-01 22:35:56.019 [http-nio-8005-exec-2] INFO  com.ltz.news.aspect.ServiceLogAspect - 当前执行耗时：1923
2020-12-01 22:36:09.419 [http-nio-8005-exec-5] INFO  com.ltz.news.aspect.ServiceLogAspect - ==== 开始执行 class com.ltz.news.service.impl.CategoryServiceImpl.getCats====
2020-12-01 22:36:09.488 [http-nio-8005-exec-5] INFO  com.ltz.news.aspect.ServiceLogAspect - 当前执行耗时：69
2020-12-01 22:36:50.817 [http-nio-8005-exec-9] INFO  com.ltz.news.aspect.ServiceLogAspect - ==== 开始执行 class com.ltz.news.service.impl.CategoryServiceImpl.getCats====
2020-12-01 22:36:50.820 [http-nio-8005-exec-9] INFO  com.ltz.news.aspect.ServiceLogAspect - 当前执行耗时：3
2020-12-01 22:38:11.826 [http-nio-8005-exec-3] INFO  com.ltz.news.aspect.ServiceLogAspect - ==== 开始执行 class com.ltz.news.service.impl.CategoryServiceImpl.getCats====
2020-12-01 22:38:11.839 [http-nio-8005-exec-3] INFO  com.ltz.news.aspect.ServiceLogAspect - 当前执行耗时：13
2020-12-01 22:39:07.225 [http-nio-8005-exec-7] INFO  com.ltz.news.aspect.ServiceLogAspect - ==== 开始执行 class com.ltz.news.service.impl.AdminUserServiceImpl.adminLogin====
2020-12-01 22:39:07.375 [http-nio-8005-exec-7] INFO  com.ltz.news.aspect.ServiceLogAspect - 当前执行耗时：150
2020-12-01 22:39:18.716 [http-nio-8005-exec-10] INFO  com.ltz.news.aspect.ServiceLogAspect - ==== 开始执行 class com.ltz.news.service.impl.AdminUserServiceImpl.getAdminList====
2020-12-01 22:39:18.777 [http-nio-8005-exec-10] INFO  com.ltz.news.aspect.ServiceLogAspect - 当前执行耗时：61
2020-12-01 22:39:35.522 [http-nio-8005-exec-3] INFO  com.ltz.news.aspect.ServiceLogAspect - ==== 开始执行 class com.ltz.news.service.impl.AdminUserServiceImpl.getAdminList====
2020-12-01 22:39:35.536 [http-nio-8005-exec-3] INFO  com.ltz.news.aspect.ServiceLogAspect - 当前执行耗时：14
2020-12-01 22:39:37.259 [http-nio-8005-exec-5] INFO  com.ltz.news.aspect.ServiceLogAspect - ==== 开始执行 class com.ltz.news.service.impl.FriendLinkServiceImpl.queryAllFriendLinkList====
2020-12-01 22:39:37.348 [http-nio-8005-exec-5] INFO  org.mongodb.driver.connection - Opened connection [connectionId{localValue:2, serverValue:74}] to 127.0.0.1:27017
2020-12-01 22:39:37.429 [http-nio-8005-exec-5] INFO  com.ltz.news.aspect.ServiceLogAspect - 当前执行耗时：170
2020-12-01 22:39:41.346 [http-nio-8005-exec-7] INFO  com.ltz.news.aspect.ServiceLogAspect - ==== 开始执行 class com.ltz.news.service.impl.CategoryServiceImpl.queryCategoryList====
2020-12-01 22:39:41.351 [http-nio-8005-exec-7] INFO  com.ltz.news.aspect.ServiceLogAspect - 当前执行耗时：5
2020-12-01 22:41:02.419 [http-nio-8005-exec-2] INFO  com.ltz.news.aspect.ServiceLogAspect - ==== 开始执行 class com.ltz.news.service.impl.CategoryServiceImpl.getCats====
2020-12-01 22:41:02.431 [http-nio-8005-exec-2] INFO  com.ltz.news.aspect.ServiceLogAspect - 当前执行耗时：11
2020-12-01 22:41:23.449 [http-nio-8005-exec-6] INFO  com.ltz.news.aspect.ServiceLogAspect - ==== 开始执行 class com.ltz.news.service.impl.CategoryServiceImpl.getCats====
2020-12-01 22:41:23.452 [http-nio-8005-exec-6] INFO  com.ltz.news.aspect.ServiceLogAspect - 当前执行耗时：3
2020-12-01 22:41:24.351 [http-nio-8005-exec-8] INFO  com.ltz.news.aspect.ServiceLogAspect - ==== 开始执行 class com.ltz.news.service.impl.CategoryServiceImpl.getCats====
2020-12-01 22:41:24.355 [http-nio-8005-exec-8] INFO  com.ltz.news.aspect.ServiceLogAspect - 当前执行耗时：3
2020-12-01 22:41:40.946 [http-nio-8005-exec-1] INFO  com.ltz.news.aspect.ServiceLogAspect - ==== 开始执行 class com.ltz.news.service.impl.CategoryServiceImpl.getCats====
2020-12-01 22:41:40.949 [http-nio-8005-exec-1] INFO  com.ltz.news.aspect.ServiceLogAspect - 当前执行耗时：3
2020-12-01 22:43:22.175 [http-nio-8005-exec-6] INFO  com.ltz.news.aspect.ServiceLogAspect - ==== 开始执行 class com.ltz.news.service.impl.CategoryServiceImpl.getCats====
2020-12-01 22:43:22.179 [http-nio-8005-exec-6] INFO  com.ltz.news.aspect.ServiceLogAspect - 当前执行耗时：3
2020-12-01 22:47:07.868 [main] INFO  com.ltz.news.AdminApplication - No active profile set, falling back to default profiles: default
2020-12-01 22:47:12.950 [main] INFO  o.s.d.r.c.RepositoryConfigurationDelegate - Multiple Spring Data modules found, entering strict repository configuration mode!
2020-12-01 22:47:12.952 [main] INFO  o.s.d.r.c.RepositoryConfigurationDelegate - Bootstrapping Spring Data MongoDB repositories in DEFAULT mode.
2020-12-01 22:47:13.526 [main] INFO  o.s.d.r.c.RepositoryConfigurationDelegate - Finished Spring Data repository scanning in 556ms. Found 1 MongoDB repository interfaces.
2020-12-01 22:47:13.570 [main] INFO  o.s.d.r.c.RepositoryConfigurationDelegate - Multiple Spring Data modules found, entering strict repository configuration mode!
2020-12-01 22:47:13.574 [main] INFO  o.s.d.r.c.RepositoryConfigurationDelegate - Bootstrapping Spring Data Redis repositories in DEFAULT mode.
2020-12-01 22:47:13.727 [main] INFO  o.s.d.r.c.RepositoryConfigurationExtensionSupport - Spring Data Redis - Could not safely identify store assignment for repository candidate interface com.ltz.news.repository.FriendLinkRepository. If you want this repository to be a Redis repository, consider annotating your entities with one of these annotations: org.springframework.data.redis.core.RedisHash (preferred), or consider extending one of the following types with your repository: org.springframework.data.keyvalue.repository.KeyValueRepository.
2020-12-01 22:47:13.728 [main] INFO  o.s.d.r.c.RepositoryConfigurationDelegate - Finished Spring Data repository scanning in 134ms. Found 0 Redis repository interfaces.
2020-12-01 22:47:14.373 [main] WARN  o.m.s.mapper.ClassPathMapperScanner - No MyBatis mapper was found in '[com.ltz.news]' package. Please check your configuration.
2020-12-01 22:47:14.653 [main] INFO  o.s.cloud.context.scope.GenericScope - BeanFactory id=2e9c2861-ba3c-338a-8c64-50d1f4b507e9
2020-12-01 22:47:16.230 [main] INFO  o.s.b.w.e.tomcat.TomcatWebServer - Tomcat initialized with port(s): 8005 (http)
2020-12-01 22:47:16.255 [main] INFO  o.a.coyote.http11.Http11NioProtocol - Initializing ProtocolHandler ["http-nio-8005"]
2020-12-01 22:47:16.256 [main] INFO  o.a.catalina.core.StandardService - Starting service [Tomcat]
2020-12-01 22:47:16.257 [main] INFO  o.a.catalina.core.StandardEngine - Starting Servlet engine: [Apache Tomcat/9.0.36]
2020-12-01 22:47:16.756 [main] INFO  o.a.c.c.C.[Tomcat].[localhost].[/] - Initializing Spring embedded WebApplicationContext
2020-12-01 22:47:16.756 [main] INFO  o.s.b.w.s.c.ServletWebServerApplicationContext - Root WebApplicationContext: initialization completed in 8810 ms
2020-12-01 22:47:20.778 [main] INFO  org.mongodb.driver.cluster - Cluster created with settings {hosts=[127.0.0.1:27017], mode=SINGLE, requiredClusterType=UNKNOWN, serverSelectionTimeout='30000 ms', maxWaitQueueSize=500}
2020-12-01 22:47:20.944 [cluster-ClusterId{value='5fc6b9e8160f747e1d9a485b', description='null'}-127.0.0.1:27017] INFO  org.mongodb.driver.connection - Opened connection [connectionId{localValue:1, serverValue:77}] to 127.0.0.1:27017
2020-12-01 22:47:20.960 [cluster-ClusterId{value='5fc6b9e8160f747e1d9a485b', description='null'}-127.0.0.1:27017] INFO  org.mongodb.driver.cluster - Monitor thread successfully connected to server with description ServerDescription{address=127.0.0.1:27017, type=STANDALONE, state=CONNECTED, ok=true, version=ServerVersion{versionList=[4, 2, 6]}, minWireVersion=0, maxWireVersion=8, maxDocumentSize=16777216, logicalSessionTimeoutMinutes=30, roundTripTimeNanos=9819000}
2020-12-01 22:47:22.728 [main] INFO  s.d.s.w.PropertySourcedRequestMappingHandlerMapping - Mapped URL path [/v2/api-docs] onto method [springfox.documentation.swagger2.web.Swagger2Controller#getDocumentation(String, HttpServletRequest)]
2020-12-01 22:47:22.772 [main] WARN  c.n.c.sources.URLConfigurationSource - No URLs will be polled as dynamic configuration sources.
2020-12-01 22:47:22.773 [main] INFO  c.n.c.sources.URLConfigurationSource - To enable URLs as dynamic configuration sources, define System property archaius.configurationSource.additionalUrls or make config.properties available on classpath.
2020-12-01 22:47:22.784 [main] WARN  c.n.c.sources.URLConfigurationSource - No URLs will be polled as dynamic configuration sources.
2020-12-01 22:47:22.784 [main] INFO  c.n.c.sources.URLConfigurationSource - To enable URLs as dynamic configuration sources, define System property archaius.configurationSource.additionalUrls or make config.properties available on classpath.
2020-12-01 22:47:23.164 [main] INFO  o.s.s.c.ThreadPoolTaskExecutor - Initializing ExecutorService 'applicationTaskExecutor'
2020-12-01 22:47:23.425 [main] INFO  t.m.m.a.MapperCacheDisabler - Clear tk.mybatis.mapper.util.MsUtil CLASS_CACHE cache.
2020-12-01 22:47:23.426 [main] INFO  t.m.m.a.MapperCacheDisabler - Clear tk.mybatis.mapper.genid.GenIdUtil CACHE cache.
2020-12-01 22:47:23.428 [main] INFO  t.m.m.a.MapperCacheDisabler - Clear tk.mybatis.mapper.version.VersionUtil CACHE cache.
2020-12-01 22:47:23.429 [main] INFO  t.m.m.a.MapperCacheDisabler - Clear EntityHelper entityTableMap cache.
2020-12-01 22:47:26.007 [main] INFO  o.s.cloud.commons.util.InetUtils - Cannot determine local hostname
2020-12-01 22:47:26.439 [main] INFO  s.d.s.w.p.DocumentationPluginsBootstrapper - Context refreshed
2020-12-01 22:47:26.496 [main] INFO  s.d.s.w.p.DocumentationPluginsBootstrapper - Found 1 custom documentation plugin(s)
2020-12-01 22:47:26.622 [main] INFO  s.d.s.w.s.ApiListingReferenceScanner - Scanning for api listing references
2020-12-01 22:47:27.443 [main] INFO  o.a.coyote.http11.Http11NioProtocol - Starting ProtocolHandler ["http-nio-8005"]
2020-12-01 22:47:27.548 [main] INFO  o.s.b.w.e.tomcat.TomcatWebServer - Tomcat started on port(s): 8005 (http) with context path ''
2020-12-01 22:47:30.110 [main] INFO  o.s.cloud.commons.util.InetUtils - Cannot determine local hostname
2020-12-01 22:47:30.135 [main] INFO  com.ltz.news.AdminApplication - Started AdminApplication in 32.058 seconds (JVM running for 37.102)
2020-12-01 22:50:19.320 [http-nio-8005-exec-1] INFO  o.a.c.c.C.[Tomcat].[localhost].[/] - Initializing Spring DispatcherServlet 'dispatcherServlet'
2020-12-01 22:50:19.321 [http-nio-8005-exec-1] INFO  o.s.web.servlet.DispatcherServlet - Initializing Servlet 'dispatcherServlet'
2020-12-01 22:50:19.333 [http-nio-8005-exec-1] INFO  o.s.web.servlet.DispatcherServlet - Completed initialization in 12 ms
2020-12-01 22:50:19.397 [http-nio-8005-exec-4] INFO  com.ltz.news.aspect.ServiceLogAspect - ==== 开始执行 class com.ltz.news.service.impl.CategoryServiceImpl.getCats====
2020-12-01 22:50:19.560 [http-nio-8005-exec-4] INFO  io.lettuce.core.EpollProvider - Starting without optional epoll library
2020-12-01 22:50:19.562 [http-nio-8005-exec-4] INFO  io.lettuce.core.KqueueProvider - Starting without optional kqueue library
2020-12-01 22:50:21.174 [http-nio-8005-exec-4] INFO  com.zaxxer.hikari.HikariDataSource - DateSourceHikariCP - Starting...
2020-12-01 22:50:21.383 [http-nio-8005-exec-4] INFO  com.zaxxer.hikari.HikariDataSource - DateSourceHikariCP - Start completed.
2020-12-01 22:50:21.460 [http-nio-8005-exec-4] WARN  com.ltz.news.aspect.ServiceLogAspect - 当前执行耗时：2063
2020-12-01 22:53:06.777 [http-nio-8005-exec-9] INFO  com.ltz.news.aspect.ServiceLogAspect - ==== 开始执行 class com.ltz.news.service.impl.CategoryServiceImpl.getCats====
2020-12-01 22:53:06.794 [http-nio-8005-exec-9] INFO  com.ltz.news.aspect.ServiceLogAspect - 当前执行耗时：16
2020-12-01 22:53:40.617 [http-nio-8005-exec-10] ERROR o.a.c.c.C.[.[.[.[dispatcherServlet] - Servlet.service() for servlet [dispatcherServlet] in context with path [] threw exception [Request processing failed; nested exception is java.lang.NullPointerException] with root cause
java.lang.NullPointerException: null
	at com.ltz.news.interceptors.BaseInterceptor.verifyUserIdToken(BaseInterceptor.java:30)
	at com.ltz.news.interceptors.AdminTokenInterceptor.preHandle(AdminTokenInterceptor.java:25)
	at org.springframework.web.servlet.HandlerExecutionChain.applyPreHandle(HandlerExecutionChain.java:141)
	at org.springframework.web.servlet.DispatcherServlet.doDispatch(DispatcherServlet.java:1035)
	at org.springframework.web.servlet.DispatcherServlet.doService(DispatcherServlet.java:943)
	at org.springframework.web.servlet.FrameworkServlet.processRequest(FrameworkServlet.java:1006)
	at org.springframework.web.servlet.FrameworkServlet.doPost(FrameworkServlet.java:909)
	at javax.servlet.http.HttpServlet.service(HttpServlet.java:660)
	at org.springframework.web.servlet.FrameworkServlet.service(FrameworkServlet.java:883)
	at javax.servlet.http.HttpServlet.service(HttpServlet.java:741)
	at org.apache.catalina.core.ApplicationFilterChain.internalDoFilter(ApplicationFilterChain.java:231)
	at org.apache.catalina.core.ApplicationFilterChain.doFilter(ApplicationFilterChain.java:166)
	at org.apache.tomcat.websocket.server.WsFilter.doFilter(WsFilter.java:53)
	at org.apache.catalina.core.ApplicationFilterChain.internalDoFilter(ApplicationFilterChain.java:193)
	at org.apache.catalina.core.ApplicationFilterChain.doFilter(ApplicationFilterChain.java:166)
	at org.springframework.web.filter.CorsFilter.doFilterInternal(CorsFilter.java:92)
	at org.springframework.web.filter.OncePerRequestFilter.doFilter(OncePerRequestFilter.java:119)
	at org.apache.catalina.core.ApplicationFilterChain.internalDoFilter(ApplicationFilterChain.java:193)
	at org.apache.catalina.core.ApplicationFilterChain.doFilter(ApplicationFilterChain.java:166)
	at org.springframework.web.filter.RequestContextFilter.doFilterInternal(RequestContextFilter.java:100)
	at org.springframework.web.filter.OncePerRequestFilter.doFilter(OncePerRequestFilter.java:119)
	at org.apache.catalina.core.ApplicationFilterChain.internalDoFilter(ApplicationFilterChain.java:193)
	at org.apache.catalina.core.ApplicationFilterChain.doFilter(ApplicationFilterChain.java:166)
	at org.springframework.web.filter.FormContentFilter.doFilterInternal(FormContentFilter.java:93)
	at org.springframework.web.filter.OncePerRequestFilter.doFilter(OncePerRequestFilter.java:119)
	at org.apache.catalina.core.ApplicationFilterChain.internalDoFilter(ApplicationFilterChain.java:193)
	at org.apache.catalina.core.ApplicationFilterChain.doFilter(ApplicationFilterChain.java:166)
	at org.springframework.web.filter.CharacterEncodingFilter.doFilterInternal(CharacterEncodingFilter.java:201)
	at org.springframework.web.filter.OncePerRequestFilter.doFilter(OncePerRequestFilter.java:119)
	at org.apache.catalina.core.ApplicationFilterChain.internalDoFilter(ApplicationFilterChain.java:193)
	at org.apache.catalina.core.ApplicationFilterChain.doFilter(ApplicationFilterChain.java:166)
	at org.apache.catalina.core.StandardWrapperValve.invoke(StandardWrapperValve.java:202)
	at org.apache.catalina.core.StandardContextValve.invoke(StandardContextValve.java:96)
	at org.apache.catalina.authenticator.AuthenticatorBase.invoke(AuthenticatorBase.java:541)
	at org.apache.catalina.core.StandardHostValve.invoke(StandardHostValve.java:139)
	at org.apache.catalina.valves.ErrorReportValve.invoke(ErrorReportValve.java:92)
	at org.apache.catalina.core.StandardEngineValve.invoke(StandardEngineValve.java:74)
	at org.apache.catalina.connector.CoyoteAdapter.service(CoyoteAdapter.java:343)
	at org.apache.coyote.http11.Http11Processor.service(Http11Processor.java:373)
	at org.apache.coyote.AbstractProcessorLight.process(AbstractProcessorLight.java:65)
	at org.apache.coyote.AbstractProtocol$ConnectionHandler.process(AbstractProtocol.java:868)
	at org.apache.tomcat.util.net.NioEndpoint$SocketProcessor.doRun(NioEndpoint.java:1590)
	at org.apache.tomcat.util.net.SocketProcessorBase.run(SocketProcessorBase.java:49)
	at java.util.concurrent.ThreadPoolExecutor.runWorker(ThreadPoolExecutor.java:1149)
	at java.util.concurrent.ThreadPoolExecutor$Worker.run(ThreadPoolExecutor.java:624)
	at org.apache.tomcat.util.threads.TaskThread$WrappingRunnable.run(TaskThread.java:61)
	at java.lang.Thread.run(Thread.java:748)
2020-12-01 22:53:42.340 [http-nio-8005-exec-4] ERROR o.a.c.c.C.[.[.[.[dispatcherServlet] - Servlet.service() for servlet [dispatcherServlet] in context with path [] threw exception [Request processing failed; nested exception is java.lang.NullPointerException] with root cause
java.lang.NullPointerException: null
	at com.ltz.news.interceptors.BaseInterceptor.verifyUserIdToken(BaseInterceptor.java:30)
	at com.ltz.news.interceptors.AdminTokenInterceptor.preHandle(AdminTokenInterceptor.java:25)
	at org.springframework.web.servlet.HandlerExecutionChain.applyPreHandle(HandlerExecutionChain.java:141)
	at org.springframework.web.servlet.DispatcherServlet.doDispatch(DispatcherServlet.java:1035)
	at org.springframework.web.servlet.DispatcherServlet.doService(DispatcherServlet.java:943)
	at org.springframework.web.servlet.FrameworkServlet.processRequest(FrameworkServlet.java:1006)
	at org.springframework.web.servlet.FrameworkServlet.doPost(FrameworkServlet.java:909)
	at javax.servlet.http.HttpServlet.service(HttpServlet.java:660)
	at org.springframework.web.servlet.FrameworkServlet.service(FrameworkServlet.java:883)
	at javax.servlet.http.HttpServlet.service(HttpServlet.java:741)
	at org.apache.catalina.core.ApplicationFilterChain.internalDoFilter(ApplicationFilterChain.java:231)
	at org.apache.catalina.core.ApplicationFilterChain.doFilter(ApplicationFilterChain.java:166)
	at org.apache.tomcat.websocket.server.WsFilter.doFilter(WsFilter.java:53)
	at org.apache.catalina.core.ApplicationFilterChain.internalDoFilter(ApplicationFilterChain.java:193)
	at org.apache.catalina.core.ApplicationFilterChain.doFilter(ApplicationFilterChain.java:166)
	at org.springframework.web.filter.CorsFilter.doFilterInternal(CorsFilter.java:92)
	at org.springframework.web.filter.OncePerRequestFilter.doFilter(OncePerRequestFilter.java:119)
	at org.apache.catalina.core.ApplicationFilterChain.internalDoFilter(ApplicationFilterChain.java:193)
	at org.apache.catalina.core.ApplicationFilterChain.doFilter(ApplicationFilterChain.java:166)
	at org.springframework.web.filter.RequestContextFilter.doFilterInternal(RequestContextFilter.java:100)
	at org.springframework.web.filter.OncePerRequestFilter.doFilter(OncePerRequestFilter.java:119)
	at org.apache.catalina.core.ApplicationFilterChain.internalDoFilter(ApplicationFilterChain.java:193)
	at org.apache.catalina.core.ApplicationFilterChain.doFilter(ApplicationFilterChain.java:166)
	at org.springframework.web.filter.FormContentFilter.doFilterInternal(FormContentFilter.java:93)
	at org.springframework.web.filter.OncePerRequestFilter.doFilter(OncePerRequestFilter.java:119)
	at org.apache.catalina.core.ApplicationFilterChain.internalDoFilter(ApplicationFilterChain.java:193)
	at org.apache.catalina.core.ApplicationFilterChain.doFilter(ApplicationFilterChain.java:166)
	at org.springframework.web.filter.CharacterEncodingFilter.doFilterInternal(CharacterEncodingFilter.java:201)
	at org.springframework.web.filter.OncePerRequestFilter.doFilter(OncePerRequestFilter.java:119)
	at org.apache.catalina.core.ApplicationFilterChain.internalDoFilter(ApplicationFilterChain.java:193)
	at org.apache.catalina.core.ApplicationFilterChain.doFilter(ApplicationFilterChain.java:166)
	at org.apache.catalina.core.StandardWrapperValve.invoke(StandardWrapperValve.java:202)
	at org.apache.catalina.core.StandardContextValve.invoke(StandardContextValve.java:96)
	at org.apache.catalina.authenticator.AuthenticatorBase.invoke(AuthenticatorBase.java:541)
	at org.apache.catalina.core.StandardHostValve.invoke(StandardHostValve.java:139)
	at org.apache.catalina.valves.ErrorReportValve.invoke(ErrorReportValve.java:92)
	at org.apache.catalina.core.StandardEngineValve.invoke(StandardEngineValve.java:74)
	at org.apache.catalina.connector.CoyoteAdapter.service(CoyoteAdapter.java:343)
	at org.apache.coyote.http11.Http11Processor.service(Http11Processor.java:373)
	at org.apache.coyote.AbstractProcessorLight.process(AbstractProcessorLight.java:65)
	at org.apache.coyote.AbstractProtocol$ConnectionHandler.process(AbstractProtocol.java:868)
	at org.apache.tomcat.util.net.NioEndpoint$SocketProcessor.doRun(NioEndpoint.java:1590)
	at org.apache.tomcat.util.net.SocketProcessorBase.run(SocketProcessorBase.java:49)
	at java.util.concurrent.ThreadPoolExecutor.runWorker(ThreadPoolExecutor.java:1149)
	at java.util.concurrent.ThreadPoolExecutor$Worker.run(ThreadPoolExecutor.java:624)
	at org.apache.tomcat.util.threads.TaskThread$WrappingRunnable.run(TaskThread.java:61)
	at java.lang.Thread.run(Thread.java:748)
2020-12-01 22:53:44.716 [http-nio-8005-exec-8] INFO  com.ltz.news.aspect.ServiceLogAspect - ==== 开始执行 class com.ltz.news.service.impl.AdminUserServiceImpl.adminLogout====
2020-12-01 22:53:44.730 [http-nio-8005-exec-8] INFO  com.ltz.news.aspect.ServiceLogAspect - 当前执行耗时：14
2020-12-01 22:54:50.429 [http-nio-8005-exec-9] INFO  com.ltz.news.aspect.ServiceLogAspect - ==== 开始执行 class com.ltz.news.service.impl.CategoryServiceImpl.getCats====
2020-12-01 22:54:50.442 [http-nio-8005-exec-9] INFO  com.ltz.news.aspect.ServiceLogAspect - 当前执行耗时：12
2020-12-01 22:55:17.002 [http-nio-8005-exec-10] INFO  com.ltz.news.aspect.ServiceLogAspect - ==== 开始执行 class com.ltz.news.service.impl.CategoryServiceImpl.getCats====
2020-12-01 22:55:17.080 [http-nio-8005-exec-10] INFO  com.ltz.news.aspect.ServiceLogAspect - 当前执行耗时：78
2020-12-01 22:55:38.771 [http-nio-8005-exec-4] INFO  com.ltz.news.aspect.ServiceLogAspect - ==== 开始执行 class com.ltz.news.service.impl.CategoryServiceImpl.getCats====
2020-12-01 22:55:38.774 [http-nio-8005-exec-4] INFO  com.ltz.news.aspect.ServiceLogAspect - 当前执行耗时：2
2020-12-01 22:55:56.603 [http-nio-8005-exec-5] INFO  com.ltz.news.aspect.ServiceLogAspect - ==== 开始执行 class com.ltz.news.service.impl.AdminUserServiceImpl.adminLogin====
2020-12-01 22:55:56.753 [http-nio-8005-exec-5] INFO  com.ltz.news.aspect.ServiceLogAspect - 当前执行耗时：150
2020-12-01 22:56:09.187 [http-nio-8005-exec-7] INFO  com.ltz.news.aspect.ServiceLogAspect - ==== 开始执行 class com.ltz.news.service.impl.CategoryServiceImpl.getCats====
2020-12-01 22:56:09.190 [http-nio-8005-exec-7] INFO  com.ltz.news.aspect.ServiceLogAspect - 当前执行耗时：3
2020-12-01 22:57:17.804 [http-nio-8005-exec-10] INFO  com.ltz.news.aspect.ServiceLogAspect - ==== 开始执行 class com.ltz.news.service.impl.CategoryServiceImpl.getCats====
2020-12-01 22:57:17.807 [http-nio-8005-exec-10] INFO  com.ltz.news.aspect.ServiceLogAspect - 当前执行耗时：3
2020-12-01 22:57:32.394 [http-nio-8005-exec-3] INFO  com.ltz.news.aspect.ServiceLogAspect - ==== 开始执行 class com.ltz.news.service.impl.CategoryServiceImpl.getCats====
2020-12-01 22:57:32.397 [http-nio-8005-exec-3] INFO  com.ltz.news.aspect.ServiceLogAspect - 当前执行耗时：3
2020-12-01 22:57:48.782 [http-nio-8005-exec-7] INFO  com.ltz.news.aspect.ServiceLogAspect - ==== 开始执行 class com.ltz.news.service.impl.CategoryServiceImpl.getCats====
2020-12-01 22:57:48.784 [http-nio-8005-exec-7] INFO  com.ltz.news.aspect.ServiceLogAspect - 当前执行耗时：2
2020-12-01 22:58:20.570 [http-nio-8005-exec-10] INFO  com.ltz.news.aspect.ServiceLogAspect - ==== 开始执行 class com.ltz.news.service.impl.CategoryServiceImpl.getCats====
2020-12-01 22:58:20.573 [http-nio-8005-exec-10] INFO  com.ltz.news.aspect.ServiceLogAspect - 当前执行耗时：3
2020-12-01 23:15:08.294 [http-nio-8005-exec-3] INFO  com.ltz.news.aspect.ServiceLogAspect - ==== 开始执行 class com.ltz.news.service.impl.CategoryServiceImpl.getCats====
2020-12-01 23:15:08.297 [http-nio-8005-exec-3] INFO  com.ltz.news.aspect.ServiceLogAspect - 当前执行耗时：2
2020-12-01 23:15:45.472 [http-nio-8005-exec-5] INFO  com.ltz.news.aspect.ServiceLogAspect - ==== 开始执行 class com.ltz.news.service.impl.CategoryServiceImpl.getCats====
2020-12-01 23:15:45.476 [http-nio-8005-exec-5] INFO  com.ltz.news.aspect.ServiceLogAspect - 当前执行耗时：4
2020-12-01 23:16:04.941 [http-nio-8005-exec-9] INFO  com.ltz.news.aspect.ServiceLogAspect - ==== 开始执行 class com.ltz.news.service.impl.CategoryServiceImpl.getCats====
2020-12-01 23:16:04.945 [http-nio-8005-exec-9] INFO  com.ltz.news.aspect.ServiceLogAspect - 当前执行耗时：4
2020-12-01 23:21:51.306 [http-nio-8005-exec-10] INFO  com.ltz.news.aspect.ServiceLogAspect - ==== 开始执行 class com.ltz.news.service.impl.CategoryServiceImpl.getCats====
2020-12-01 23:21:51.309 [http-nio-8005-exec-10] INFO  com.ltz.news.aspect.ServiceLogAspect - 当前执行耗时：3
2020-12-01 23:41:02.524 [main] INFO  com.ltz.news.AdminApplication - No active profile set, falling back to default profiles: default
2020-12-01 23:41:04.795 [main] INFO  o.s.d.r.c.RepositoryConfigurationDelegate - Multiple Spring Data modules found, entering strict repository configuration mode!
2020-12-01 23:41:04.796 [main] INFO  o.s.d.r.c.RepositoryConfigurationDelegate - Bootstrapping Spring Data MongoDB repositories in DEFAULT mode.
2020-12-01 23:41:05.039 [main] INFO  o.s.d.r.c.RepositoryConfigurationDelegate - Finished Spring Data repository scanning in 233ms. Found 1 MongoDB repository interfaces.
2020-12-01 23:41:05.066 [main] INFO  o.s.d.r.c.RepositoryConfigurationDelegate - Multiple Spring Data modules found, entering strict repository configuration mode!
2020-12-01 23:41:05.068 [main] INFO  o.s.d.r.c.RepositoryConfigurationDelegate - Bootstrapping Spring Data Redis repositories in DEFAULT mode.
2020-12-01 23:41:05.158 [main] INFO  o.s.d.r.c.RepositoryConfigurationExtensionSupport - Spring Data Redis - Could not safely identify store assignment for repository candidate interface com.ltz.news.repository.FriendLinkRepository. If you want this repository to be a Redis repository, consider annotating your entities with one of these annotations: org.springframework.data.redis.core.RedisHash (preferred), or consider extending one of the following types with your repository: org.springframework.data.keyvalue.repository.KeyValueRepository.
2020-12-01 23:41:05.158 [main] INFO  o.s.d.r.c.RepositoryConfigurationDelegate - Finished Spring Data repository scanning in 66ms. Found 0 Redis repository interfaces.
2020-12-01 23:41:05.609 [main] WARN  o.m.s.mapper.ClassPathMapperScanner - No MyBatis mapper was found in '[com.ltz.news]' package. Please check your configuration.
2020-12-01 23:41:05.816 [main] INFO  o.s.cloud.context.scope.GenericScope - BeanFactory id=2e9c2861-ba3c-338a-8c64-50d1f4b507e9
2020-12-01 23:41:07.154 [main] INFO  o.s.b.w.e.tomcat.TomcatWebServer - Tomcat initialized with port(s): 8005 (http)
2020-12-01 23:41:07.178 [main] INFO  o.a.coyote.http11.Http11NioProtocol - Initializing ProtocolHandler ["http-nio-8005"]
2020-12-01 23:41:07.179 [main] INFO  o.a.catalina.core.StandardService - Starting service [Tomcat]
2020-12-01 23:41:07.180 [main] INFO  o.a.catalina.core.StandardEngine - Starting Servlet engine: [Apache Tomcat/9.0.36]
2020-12-01 23:41:07.633 [main] INFO  o.a.c.c.C.[Tomcat].[localhost].[/] - Initializing Spring embedded WebApplicationContext
2020-12-01 23:41:07.633 [main] INFO  o.s.b.w.s.c.ServletWebServerApplicationContext - Root WebApplicationContext: initialization completed in 5076 ms
2020-12-01 23:41:10.960 [main] INFO  org.mongodb.driver.cluster - Cluster created with settings {hosts=[127.0.0.1:27017], mode=SINGLE, requiredClusterType=UNKNOWN, serverSelectionTimeout='30000 ms', maxWaitQueueSize=500}
2020-12-01 23:41:11.070 [cluster-ClusterId{value='5fc6c6868f929f1e7fb291bd', description='null'}-127.0.0.1:27017] INFO  org.mongodb.driver.connection - Opened connection [connectionId{localValue:1, serverValue:78}] to 127.0.0.1:27017
2020-12-01 23:41:11.080 [cluster-ClusterId{value='5fc6c6868f929f1e7fb291bd', description='null'}-127.0.0.1:27017] INFO  org.mongodb.driver.cluster - Monitor thread successfully connected to server with description ServerDescription{address=127.0.0.1:27017, type=STANDALONE, state=CONNECTED, ok=true, version=ServerVersion{versionList=[4, 2, 6]}, minWireVersion=0, maxWireVersion=8, maxDocumentSize=16777216, logicalSessionTimeoutMinutes=30, roundTripTimeNanos=5137000}
2020-12-01 23:41:12.224 [main] INFO  s.d.s.w.PropertySourcedRequestMappingHandlerMapping - Mapped URL path [/v2/api-docs] onto method [springfox.documentation.swagger2.web.Swagger2Controller#getDocumentation(String, HttpServletRequest)]
2020-12-01 23:41:12.265 [main] WARN  c.n.c.sources.URLConfigurationSource - No URLs will be polled as dynamic configuration sources.
2020-12-01 23:41:12.265 [main] INFO  c.n.c.sources.URLConfigurationSource - To enable URLs as dynamic configuration sources, define System property archaius.configurationSource.additionalUrls or make config.properties available on classpath.
2020-12-01 23:41:12.273 [main] WARN  c.n.c.sources.URLConfigurationSource - No URLs will be polled as dynamic configuration sources.
2020-12-01 23:41:12.274 [main] INFO  c.n.c.sources.URLConfigurationSource - To enable URLs as dynamic configuration sources, define System property archaius.configurationSource.additionalUrls or make config.properties available on classpath.
2020-12-01 23:41:12.501 [main] INFO  o.s.s.c.ThreadPoolTaskExecutor - Initializing ExecutorService 'applicationTaskExecutor'
2020-12-01 23:41:12.681 [main] INFO  t.m.m.a.MapperCacheDisabler - Clear tk.mybatis.mapper.util.MsUtil CLASS_CACHE cache.
2020-12-01 23:41:12.683 [main] INFO  t.m.m.a.MapperCacheDisabler - Clear tk.mybatis.mapper.genid.GenIdUtil CACHE cache.
2020-12-01 23:41:12.685 [main] INFO  t.m.m.a.MapperCacheDisabler - Clear tk.mybatis.mapper.version.VersionUtil CACHE cache.
2020-12-01 23:41:12.685 [main] INFO  t.m.m.a.MapperCacheDisabler - Clear EntityHelper entityTableMap cache.
2020-12-01 23:41:15.061 [main] INFO  o.s.cloud.commons.util.InetUtils - Cannot determine local hostname
2020-12-01 23:41:15.210 [main] INFO  s.d.s.w.p.DocumentationPluginsBootstrapper - Context refreshed
2020-12-01 23:41:15.238 [main] INFO  s.d.s.w.p.DocumentationPluginsBootstrapper - Found 1 custom documentation plugin(s)
2020-12-01 23:41:15.316 [main] INFO  s.d.s.w.s.ApiListingReferenceScanner - Scanning for api listing references
2020-12-01 23:41:15.764 [main] INFO  o.a.coyote.http11.Http11NioProtocol - Starting ProtocolHandler ["http-nio-8005"]
2020-12-01 23:41:15.801 [main] INFO  o.s.b.w.e.tomcat.TomcatWebServer - Tomcat started on port(s): 8005 (http) with context path ''
2020-12-01 23:41:17.698 [main] INFO  o.s.cloud.commons.util.InetUtils - Cannot determine local hostname
2020-12-01 23:41:17.699 [main] INFO  com.ltz.news.AdminApplication - Started AdminApplication in 23.139 seconds (JVM running for 26.039)
2020-12-01 23:41:53.101 [http-nio-8005-exec-1] INFO  o.a.c.c.C.[Tomcat].[localhost].[/] - Initializing Spring DispatcherServlet 'dispatcherServlet'
2020-12-01 23:41:53.102 [http-nio-8005-exec-1] INFO  o.s.web.servlet.DispatcherServlet - Initializing Servlet 'dispatcherServlet'
2020-12-01 23:41:53.112 [http-nio-8005-exec-1] INFO  o.s.web.servlet.DispatcherServlet - Completed initialization in 10 ms
2020-12-01 23:41:53.167 [http-nio-8005-exec-1] INFO  com.ltz.news.aspect.ServiceLogAspect - ==== 开始执行 class com.ltz.news.service.impl.FriendLinkServiceImpl.queryPortalAllFriendLinkList====
2020-12-01 23:41:53.167 [http-nio-8005-exec-3] INFO  com.ltz.news.aspect.ServiceLogAspect - ==== 开始执行 class com.ltz.news.service.impl.CategoryServiceImpl.getCats====
2020-12-01 23:41:53.275 [http-nio-8005-exec-1] INFO  org.mongodb.driver.connection - Opened connection [connectionId{localValue:2, serverValue:79}] to 127.0.0.1:27017
2020-12-01 23:41:53.327 [http-nio-8005-exec-3] INFO  io.lettuce.core.EpollProvider - Starting without optional epoll library
2020-12-01 23:41:53.331 [http-nio-8005-exec-3] INFO  io.lettuce.core.KqueueProvider - Starting without optional kqueue library
2020-12-01 23:41:53.364 [http-nio-8005-exec-1] INFO  com.ltz.news.aspect.ServiceLogAspect - 当前执行耗时：197
2020-12-01 23:41:54.842 [http-nio-8005-exec-3] INFO  com.ltz.news.aspect.ServiceLogAspect - 当前执行耗时：1675
2020-12-01 23:42:02.741 [http-nio-8005-exec-6] INFO  com.ltz.news.aspect.ServiceLogAspect - ==== 开始执行 class com.ltz.news.service.impl.FriendLinkServiceImpl.queryAllFriendLinkList====
2020-12-01 23:42:02.745 [http-nio-8005-exec-6] INFO  com.ltz.news.aspect.ServiceLogAspect - 当前执行耗时：4
2020-12-01 23:54:06.199 [http-nio-8005-exec-9] INFO  com.ltz.news.aspect.ServiceLogAspect - ==== 开始执行 class com.ltz.news.service.impl.CategoryServiceImpl.getCats====
2020-12-01 23:54:06.201 [http-nio-8005-exec-10] INFO  com.ltz.news.aspect.ServiceLogAspect - ==== 开始执行 class com.ltz.news.service.impl.FriendLinkServiceImpl.queryPortalAllFriendLinkList====
2020-12-01 23:54:06.205 [http-nio-8005-exec-9] INFO  com.ltz.news.aspect.ServiceLogAspect - 当前执行耗时：6
2020-12-01 23:54:06.205 [http-nio-8005-exec-10] INFO  com.ltz.news.aspect.ServiceLogAspect - 当前执行耗时：3
2020-12-01 23:54:22.895 [http-nio-8005-exec-2] INFO  com.ltz.news.aspect.ServiceLogAspect - ==== 开始执行 class com.ltz.news.service.impl.CategoryServiceImpl.getCats====
2020-12-01 23:54:22.898 [http-nio-8005-exec-2] INFO  com.ltz.news.aspect.ServiceLogAspect - 当前执行耗时：3
2020-12-01 23:54:22.900 [http-nio-8005-exec-4] INFO  com.ltz.news.aspect.ServiceLogAspect - ==== 开始执行 class com.ltz.news.service.impl.FriendLinkServiceImpl.queryPortalAllFriendLinkList====
2020-12-01 23:54:22.904 [http-nio-8005-exec-4] INFO  com.ltz.news.aspect.ServiceLogAspect - 当前执行耗时：3
2020-12-01 23:54:56.269 [http-nio-8005-exec-7] INFO  com.ltz.news.aspect.ServiceLogAspect - ==== 开始执行 class com.ltz.news.service.impl.CategoryServiceImpl.getCats====
2020-12-01 23:54:56.270 [http-nio-8005-exec-8] INFO  com.ltz.news.aspect.ServiceLogAspect - ==== 开始执行 class com.ltz.news.service.impl.FriendLinkServiceImpl.queryPortalAllFriendLinkList====
2020-12-01 23:54:56.273 [http-nio-8005-exec-7] INFO  com.ltz.news.aspect.ServiceLogAspect - 当前执行耗时：4
2020-12-01 23:54:56.273 [http-nio-8005-exec-8] INFO  com.ltz.news.aspect.ServiceLogAspect - 当前执行耗时：3
2020-12-01 23:55:07.002 [http-nio-8005-exec-3] INFO  com.ltz.news.aspect.ServiceLogAspect - ==== 开始执行 class com.ltz.news.service.impl.CategoryServiceImpl.getCats====
2020-12-01 23:55:07.005 [http-nio-8005-exec-3] INFO  com.ltz.news.aspect.ServiceLogAspect - 当前执行耗时：3
2020-12-01 23:55:07.008 [http-nio-8005-exec-1] INFO  com.ltz.news.aspect.ServiceLogAspect - ==== 开始执行 class com.ltz.news.service.impl.FriendLinkServiceImpl.queryPortalAllFriendLinkList====
2020-12-01 23:55:07.011 [http-nio-8005-exec-1] INFO  com.ltz.news.aspect.ServiceLogAspect - 当前执行耗时：2
