2020-11-30 00:02:39.314 [main] INFO  com.ltz.news.FilesApplication - No active profile set, falling back to default profiles: default
2020-11-30 00:02:41.026 [main] INFO  o.s.d.r.c.RepositoryConfigurationDelegate - Multiple Spring Data modules found, entering strict repository configuration mode!
2020-11-30 00:02:41.027 [main] INFO  o.s.d.r.c.RepositoryConfigurationDelegate - Bootstrapping Spring Data MongoDB repositories in DEFAULT mode.
2020-11-30 00:02:41.151 [main] INFO  o.s.d.r.c.RepositoryConfigurationDelegate - Finished Spring Data repository scanning in 115ms. Found 0 MongoDB repository interfaces.
2020-11-30 00:02:41.173 [main] INFO  o.s.d.r.c.RepositoryConfigurationDelegate - Multiple Spring Data modules found, entering strict repository configuration mode!
2020-11-30 00:02:41.175 [main] INFO  o.s.d.r.c.RepositoryConfigurationDelegate - Bootstrapping Spring Data Redis repositories in DEFAULT mode.
2020-11-30 00:02:41.237 [main] INFO  o.s.d.r.c.RepositoryConfigurationDelegate - Finished Spring Data repository scanning in 49ms. Found 0 Redis repository interfaces.
2020-11-30 00:02:41.588 [main] INFO  o.s.cloud.context.scope.GenericScope - BeanFactory id=bd46d8a0-2ad3-37aa-84c2-a9c1d6ca94d0
2020-11-30 00:02:42.465 [main] INFO  o.s.b.w.e.tomcat.TomcatWebServer - Tomcat initialized with port(s): 8004 (http)
2020-11-30 00:02:42.484 [main] INFO  o.a.coyote.http11.Http11NioProtocol - Initializing ProtocolHandler ["http-nio-8004"]
2020-11-30 00:02:42.485 [main] INFO  o.a.catalina.core.StandardService - Starting service [Tomcat]
2020-11-30 00:02:42.485 [main] INFO  o.a.catalina.core.StandardEngine - Starting Servlet engine: [Apache Tomcat/9.0.36]
2020-11-30 00:02:42.851 [main] INFO  o.a.c.c.C.[Tomcat].[localhost].[/] - Initializing Spring embedded WebApplicationContext
2020-11-30 00:02:42.851 [main] INFO  o.s.b.w.s.c.ServletWebServerApplicationContext - Root WebApplicationContext: initialization completed in 3504 ms
2020-11-30 00:02:45.165 [main] INFO  org.mongodb.driver.cluster - Cluster created with settings {hosts=[127.0.0.1:27017], mode=SINGLE, requiredClusterType=UNKNOWN, serverSelectionTimeout='30000 ms', maxWaitQueueSize=500}
2020-11-30 00:02:45.321 [cluster-ClusterId{value='5fc42895f88ef73b48727881', description='null'}-127.0.0.1:27017] INFO  org.mongodb.driver.connection - Opened connection [connectionId{localValue:1, serverValue:51}] to 127.0.0.1:27017
2020-11-30 00:02:45.338 [cluster-ClusterId{value='5fc42895f88ef73b48727881', description='null'}-127.0.0.1:27017] INFO  org.mongodb.driver.cluster - Monitor thread successfully connected to server with description ServerDescription{address=127.0.0.1:27017, type=STANDALONE, state=CONNECTED, ok=true, version=ServerVersion{versionList=[4, 2, 6]}, minWireVersion=0, maxWireVersion=8, maxDocumentSize=16777216, logicalSessionTimeoutMinutes=30, roundTripTimeNanos=10235800}
2020-11-30 00:02:46.907 [main] INFO  s.d.s.w.PropertySourcedRequestMappingHandlerMapping - Mapped URL path [/v2/api-docs] onto method [springfox.documentation.swagger2.web.Swagger2Controller#getDocumentation(String, HttpServletRequest)]
2020-11-30 00:02:46.936 [main] WARN  c.n.c.sources.URLConfigurationSource - No URLs will be polled as dynamic configuration sources.
2020-11-30 00:02:46.936 [main] INFO  c.n.c.sources.URLConfigurationSource - To enable URLs as dynamic configuration sources, define System property archaius.configurationSource.additionalUrls or make config.properties available on classpath.
2020-11-30 00:02:46.944 [main] WARN  c.n.c.sources.URLConfigurationSource - No URLs will be polled as dynamic configuration sources.
2020-11-30 00:02:46.944 [main] INFO  c.n.c.sources.URLConfigurationSource - To enable URLs as dynamic configuration sources, define System property archaius.configurationSource.additionalUrls or make config.properties available on classpath.
2020-11-30 00:02:47.129 [main] INFO  o.s.s.c.ThreadPoolTaskExecutor - Initializing ExecutorService 'applicationTaskExecutor'
2020-11-30 00:02:50.193 [main] INFO  o.s.cloud.commons.util.InetUtils - Cannot determine local hostname
2020-11-30 00:02:50.337 [main] INFO  s.d.s.w.p.DocumentationPluginsBootstrapper - Context refreshed
2020-11-30 00:02:50.355 [main] INFO  s.d.s.w.p.DocumentationPluginsBootstrapper - Found 1 custom documentation plugin(s)
2020-11-30 00:02:50.409 [main] INFO  s.d.s.w.s.ApiListingReferenceScanner - Scanning for api listing references
2020-11-30 00:02:50.623 [main] INFO  o.a.coyote.http11.Http11NioProtocol - Starting ProtocolHandler ["http-nio-8004"]
2020-11-30 00:02:50.656 [main] INFO  o.s.b.w.e.tomcat.TomcatWebServer - Tomcat started on port(s): 8004 (http) with context path ''
2020-11-30 00:02:52.636 [main] INFO  o.s.cloud.commons.util.InetUtils - Cannot determine local hostname
2020-11-30 00:02:52.643 [main] INFO  com.ltz.news.FilesApplication - Started FilesApplication in 20.649 seconds (JVM running for 22.88)
2020-11-30 00:04:52.528 [http-nio-8004-exec-1] INFO  o.a.c.c.C.[Tomcat].[localhost].[/] - Initializing Spring DispatcherServlet 'dispatcherServlet'
2020-11-30 00:04:52.529 [http-nio-8004-exec-1] INFO  o.s.web.servlet.DispatcherServlet - Initializing Servlet 'dispatcherServlet'
2020-11-30 00:04:52.539 [http-nio-8004-exec-1] INFO  o.s.web.servlet.DispatcherServlet - Completed initialization in 10 ms
2020-11-30 00:04:52.617 [http-nio-8004-exec-2] INFO  com.ltz.news.aspect.ServiceLogAspect - ==== 开始执行 class com.ltz.news.service.impl.UploaderServiceImpl.readInGridFS====
2020-11-30 00:04:52.683 [http-nio-8004-exec-2] INFO  org.mongodb.driver.connection - Opened connection [connectionId{localValue:2, serverValue:52}] to 127.0.0.1:27017
2020-11-30 00:04:55.373 [http-nio-8004-exec-3] INFO  com.ltz.news.aspect.ServiceLogAspect - ==== 开始执行 class com.ltz.news.service.impl.UploaderServiceImpl.readInGridFS====
2020-11-30 00:06:02.926 [http-nio-8004-exec-7] INFO  com.ltz.news.aspect.ServiceLogAspect - ==== 开始执行 class com.ltz.news.service.impl.UploaderServiceImpl.uploadToGridFS====
2020-11-30 00:06:03.013 [http-nio-8004-exec-7] INFO  com.ltz.news.aspect.ServiceLogAspect - 当前执行耗时：87
2020-11-30 00:06:14.189 [http-nio-8004-exec-1] INFO  com.ltz.news.aspect.ServiceLogAspect - ==== 开始执行 class com.ltz.news.service.impl.UploaderServiceImpl.readFace64InGridFS====
2020-11-30 00:06:14.225 [http-nio-8004-exec-1] INFO  com.ltz.news.aspect.ServiceLogAspect - 当前执行耗时：36
2020-11-30 00:06:37.243 [http-nio-8004-exec-4] INFO  com.ltz.news.aspect.ServiceLogAspect - ==== 开始执行 class com.ltz.news.service.impl.UploaderServiceImpl.readInGridFS====
2020-11-30 00:06:37.258 [http-nio-8004-exec-4] INFO  com.ltz.news.aspect.ServiceLogAspect - 当前执行耗时：15
2020-11-30 00:06:54.752 [http-nio-8004-exec-8] INFO  com.ltz.news.aspect.ServiceLogAspect - ==== 开始执行 class com.ltz.news.service.impl.UploaderServiceImpl.uploadToGridFS====
2020-11-30 00:06:54.765 [http-nio-8004-exec-8] INFO  com.ltz.news.aspect.ServiceLogAspect - 当前执行耗时：13
2020-11-30 00:06:57.966 [http-nio-8004-exec-9] INFO  com.ltz.news.aspect.ServiceLogAspect - ==== 开始执行 class com.ltz.news.service.impl.UploaderServiceImpl.readInGridFS====
2020-11-30 00:06:58.030 [http-nio-8004-exec-9] INFO  com.ltz.news.aspect.ServiceLogAspect - 当前执行耗时：64
2020-11-30 00:07:11.980 [http-nio-8004-exec-2] INFO  com.ltz.news.aspect.ServiceLogAspect - ==== 开始执行 class com.ltz.news.service.impl.UploaderServiceImpl.readFace64InGridFS====
2020-11-30 00:07:11.991 [http-nio-8004-exec-2] INFO  com.ltz.news.aspect.ServiceLogAspect - 当前执行耗时：11
2020-11-30 00:07:46.736 [http-nio-8004-exec-4] INFO  com.ltz.news.aspect.ServiceLogAspect - ==== 开始执行 class com.ltz.news.service.impl.UploaderServiceImpl.readFace64InGridFS====
2020-11-30 00:07:46.749 [http-nio-8004-exec-4] INFO  com.ltz.news.aspect.ServiceLogAspect - 当前执行耗时：13
2020-11-30 00:08:23.761 [http-nio-8004-exec-6] INFO  com.ltz.news.aspect.ServiceLogAspect - ==== 开始执行 class com.ltz.news.service.impl.UploaderServiceImpl.readFace64InGridFS====
2020-11-30 00:08:23.787 [http-nio-8004-exec-6] INFO  com.ltz.news.aspect.ServiceLogAspect - 当前执行耗时：25
2020-11-30 00:09:26.832 [http-nio-8004-exec-5] INFO  com.ltz.news.aspect.ServiceLogAspect - ==== 开始执行 class com.ltz.news.service.impl.UploaderServiceImpl.readFace64InGridFS====
2020-11-30 00:09:26.843 [http-nio-8004-exec-5] INFO  com.ltz.news.aspect.ServiceLogAspect - 当前执行耗时：10
2020-11-30 00:10:00.620 [http-nio-8004-exec-8] INFO  com.ltz.news.aspect.ServiceLogAspect - ==== 开始执行 class com.ltz.news.service.impl.UploaderServiceImpl.readFace64InGridFS====
2020-11-30 00:10:00.630 [http-nio-8004-exec-8] INFO  com.ltz.news.aspect.ServiceLogAspect - 当前执行耗时：10
2020-11-30 00:16:00.973 [http-nio-8004-exec-9] INFO  com.ltz.news.aspect.ServiceLogAspect - ==== 开始执行 class com.ltz.news.service.impl.UploaderServiceImpl.readFace64InGridFS====
2020-11-30 00:16:00.987 [http-nio-8004-exec-9] INFO  com.ltz.news.aspect.ServiceLogAspect - 当前执行耗时：14
2020-11-30 00:20:03.272 [http-nio-8004-exec-1] INFO  com.ltz.news.aspect.ServiceLogAspect - ==== 开始执行 class com.ltz.news.service.impl.UploaderServiceImpl.readFace64InGridFS====
2020-11-30 00:20:03.286 [http-nio-8004-exec-1] INFO  com.ltz.news.aspect.ServiceLogAspect - 当前执行耗时：14
2020-11-30 00:23:40.418 [http-nio-8004-exec-4] INFO  com.ltz.news.aspect.ServiceLogAspect - ==== 开始执行 class com.ltz.news.service.impl.UploaderServiceImpl.readFace64InGridFS====
2020-11-30 00:23:40.438 [http-nio-8004-exec-4] INFO  com.ltz.news.aspect.ServiceLogAspect - 当前执行耗时：20
2020-11-30 00:27:04.229 [http-nio-8004-exec-3] INFO  com.ltz.news.aspect.ServiceLogAspect - ==== 开始执行 class com.ltz.news.service.impl.UploaderServiceImpl.readFace64InGridFS====
2020-11-30 00:27:04.253 [http-nio-8004-exec-3] INFO  com.ltz.news.aspect.ServiceLogAspect - 当前执行耗时：23
2020-11-30 14:41:53.128 [main] INFO  com.ltz.news.FilesApplication - No active profile set, falling back to default profiles: default
2020-11-30 14:41:55.924 [main] INFO  o.s.d.r.c.RepositoryConfigurationDelegate - Multiple Spring Data modules found, entering strict repository configuration mode!
2020-11-30 14:41:55.926 [main] INFO  o.s.d.r.c.RepositoryConfigurationDelegate - Bootstrapping Spring Data MongoDB repositories in DEFAULT mode.
2020-11-30 14:41:56.109 [main] INFO  o.s.d.r.c.RepositoryConfigurationDelegate - Finished Spring Data repository scanning in 169ms. Found 0 MongoDB repository interfaces.
2020-11-30 14:41:56.143 [main] INFO  o.s.d.r.c.RepositoryConfigurationDelegate - Multiple Spring Data modules found, entering strict repository configuration mode!
2020-11-30 14:41:56.146 [main] INFO  o.s.d.r.c.RepositoryConfigurationDelegate - Bootstrapping Spring Data Redis repositories in DEFAULT mode.
2020-11-30 14:41:56.234 [main] INFO  o.s.d.r.c.RepositoryConfigurationDelegate - Finished Spring Data repository scanning in 72ms. Found 0 Redis repository interfaces.
2020-11-30 14:41:56.750 [main] INFO  o.s.cloud.context.scope.GenericScope - BeanFactory id=bd46d8a0-2ad3-37aa-84c2-a9c1d6ca94d0
2020-11-30 14:41:57.746 [main] INFO  o.s.b.w.e.tomcat.TomcatWebServer - Tomcat initialized with port(s): 8004 (http)
2020-11-30 14:41:57.767 [main] INFO  o.a.coyote.http11.Http11NioProtocol - Initializing ProtocolHandler ["http-nio-8004"]
2020-11-30 14:41:57.767 [main] INFO  o.a.catalina.core.StandardService - Starting service [Tomcat]
2020-11-30 14:41:57.767 [main] INFO  o.a.catalina.core.StandardEngine - Starting Servlet engine: [Apache Tomcat/9.0.36]
2020-11-30 14:41:58.131 [main] INFO  o.a.c.c.C.[Tomcat].[localhost].[/] - Initializing Spring embedded WebApplicationContext
2020-11-30 14:41:58.131 [main] INFO  o.s.b.w.s.c.ServletWebServerApplicationContext - Root WebApplicationContext: initialization completed in 4964 ms
2020-11-30 14:42:00.342 [main] INFO  org.mongodb.driver.cluster - Cluster created with settings {hosts=[127.0.0.1:27017], mode=SINGLE, requiredClusterType=UNKNOWN, serverSelectionTimeout='30000 ms', maxWaitQueueSize=500}
2020-11-30 14:42:00.455 [cluster-ClusterId{value='5fc4f6a8b432f232bd9b227c', description='null'}-127.0.0.1:27017] INFO  org.mongodb.driver.connection - Opened connection [connectionId{localValue:1, serverValue:64}] to 127.0.0.1:27017
2020-11-30 14:42:00.470 [cluster-ClusterId{value='5fc4f6a8b432f232bd9b227c', description='null'}-127.0.0.1:27017] INFO  org.mongodb.driver.cluster - Monitor thread successfully connected to server with description ServerDescription{address=127.0.0.1:27017, type=STANDALONE, state=CONNECTED, ok=true, version=ServerVersion{versionList=[4, 2, 6]}, minWireVersion=0, maxWireVersion=8, maxDocumentSize=16777216, logicalSessionTimeoutMinutes=30, roundTripTimeNanos=9667300}
2020-11-30 14:42:01.642 [main] INFO  s.d.s.w.PropertySourcedRequestMappingHandlerMapping - Mapped URL path [/v2/api-docs] onto method [springfox.documentation.swagger2.web.Swagger2Controller#getDocumentation(String, HttpServletRequest)]
2020-11-30 14:42:01.676 [main] WARN  c.n.c.sources.URLConfigurationSource - No URLs will be polled as dynamic configuration sources.
2020-11-30 14:42:01.676 [main] INFO  c.n.c.sources.URLConfigurationSource - To enable URLs as dynamic configuration sources, define System property archaius.configurationSource.additionalUrls or make config.properties available on classpath.
2020-11-30 14:42:01.685 [main] WARN  c.n.c.sources.URLConfigurationSource - No URLs will be polled as dynamic configuration sources.
2020-11-30 14:42:01.685 [main] INFO  c.n.c.sources.URLConfigurationSource - To enable URLs as dynamic configuration sources, define System property archaius.configurationSource.additionalUrls or make config.properties available on classpath.
2020-11-30 14:42:01.894 [main] INFO  o.s.s.c.ThreadPoolTaskExecutor - Initializing ExecutorService 'applicationTaskExecutor'
2020-11-30 14:42:05.377 [main] INFO  o.s.cloud.commons.util.InetUtils - Cannot determine local hostname
2020-11-30 14:42:05.575 [main] INFO  s.d.s.w.p.DocumentationPluginsBootstrapper - Context refreshed
2020-11-30 14:42:05.605 [main] INFO  s.d.s.w.p.DocumentationPluginsBootstrapper - Found 1 custom documentation plugin(s)
2020-11-30 14:42:05.703 [main] INFO  s.d.s.w.s.ApiListingReferenceScanner - Scanning for api listing references
2020-11-30 14:42:06.055 [main] INFO  o.a.coyote.http11.Http11NioProtocol - Starting ProtocolHandler ["http-nio-8004"]
2020-11-30 14:42:06.104 [main] INFO  o.s.b.w.e.tomcat.TomcatWebServer - Tomcat started on port(s): 8004 (http) with context path ''
2020-11-30 14:42:08.442 [main] INFO  o.s.cloud.commons.util.InetUtils - Cannot determine local hostname
2020-11-30 14:42:08.450 [main] INFO  com.ltz.news.FilesApplication - Started FilesApplication in 22.298 seconds (JVM running for 26.503)
2020-11-30 14:43:12.743 [http-nio-8004-exec-1] INFO  o.a.c.c.C.[Tomcat].[localhost].[/] - Initializing Spring DispatcherServlet 'dispatcherServlet'
2020-11-30 14:43:12.743 [http-nio-8004-exec-1] INFO  o.s.web.servlet.DispatcherServlet - Initializing Servlet 'dispatcherServlet'
2020-11-30 14:43:12.753 [http-nio-8004-exec-1] INFO  o.s.web.servlet.DispatcherServlet - Completed initialization in 10 ms
2020-11-30 14:43:12.829 [http-nio-8004-exec-2] INFO  com.ltz.news.aspect.ServiceLogAspect - ==== 开始执行 class com.ltz.news.service.impl.UploaderServiceImpl.readInGridFS====
2020-11-30 14:43:12.894 [http-nio-8004-exec-2] INFO  org.mongodb.driver.connection - Opened connection [connectionId{localValue:2, serverValue:65}] to 127.0.0.1:27017
2020-11-30 14:43:12.977 [http-nio-8004-exec-2] INFO  com.ltz.news.aspect.ServiceLogAspect - 当前执行耗时：148
2020-11-30 14:43:15.450 [http-nio-8004-exec-4] INFO  com.ltz.news.aspect.ServiceLogAspect - ==== 开始执行 class com.ltz.news.service.impl.UploaderServiceImpl.readInGridFS====
2020-11-30 14:43:18.162 [http-nio-8004-exec-6] INFO  com.ltz.news.aspect.ServiceLogAspect - ==== 开始执行 class com.ltz.news.service.impl.UploaderServiceImpl.readInGridFS====
2020-11-30 14:43:18.196 [http-nio-8004-exec-6] INFO  com.ltz.news.aspect.ServiceLogAspect - 当前执行耗时：34
