2020-12-22 22:04:38.394 [main] INFO  com.ltz.news.ArticleApplication - No active profile set, falling back to default profiles: default
2020-12-22 22:04:41.145 [main] INFO  o.s.d.r.c.RepositoryConfigurationDelegate - Multiple Spring Data modules found, entering strict repository configuration mode!
2020-12-22 22:04:41.147 [main] INFO  o.s.d.r.c.RepositoryConfigurationDelegate - Bootstrapping Spring Data MongoDB repositories in DEFAULT mode.
2020-12-22 22:04:41.248 [main] INFO  o.s.d.r.c.RepositoryConfigurationDelegate - Finished Spring Data repository scanning in 88ms. Found 0 MongoDB repository interfaces.
2020-12-22 22:04:41.277 [main] INFO  o.s.d.r.c.RepositoryConfigurationDelegate - Multiple Spring Data modules found, entering strict repository configuration mode!
2020-12-22 22:04:41.280 [main] INFO  o.s.d.r.c.RepositoryConfigurationDelegate - Bootstrapping Spring Data Redis repositories in DEFAULT mode.
2020-12-22 22:04:41.353 [main] INFO  o.s.d.r.c.RepositoryConfigurationDelegate - Finished Spring Data repository scanning in 53ms. Found 0 Redis repository interfaces.
2020-12-22 22:04:41.986 [main] WARN  o.m.s.mapper.ClassPathMapperScanner - No MyBatis mapper was found in '[com.ltz.news]' package. Please check your configuration.
2020-12-22 22:04:42.193 [main] INFO  o.s.cloud.context.scope.GenericScope - BeanFactory id=2e4b95c9-b7ce-3dc4-8bd9-4a99fb16927b
2020-12-22 22:04:43.503 [main] INFO  o.s.b.w.e.tomcat.TomcatWebServer - Tomcat initialized with port(s): 8001 (http)
2020-12-22 22:04:43.526 [main] INFO  o.a.coyote.http11.Http11NioProtocol - Initializing ProtocolHandler ["http-nio-8001"]
2020-12-22 22:04:43.527 [main] INFO  o.a.catalina.core.StandardService - Starting service [Tomcat]
2020-12-22 22:04:43.528 [main] INFO  o.a.catalina.core.StandardEngine - Starting Servlet engine: [Apache Tomcat/9.0.36]
2020-12-22 22:04:43.934 [main] INFO  o.a.c.c.C.[Tomcat].[localhost].[/] - Initializing Spring embedded WebApplicationContext
2020-12-22 22:04:43.935 [main] INFO  o.s.b.w.s.c.ServletWebServerApplicationContext - Root WebApplicationContext: initialization completed in 5488 ms
2020-12-22 22:04:46.562 [main] INFO  org.mongodb.driver.cluster - Cluster created with settings {hosts=[127.0.0.1:27017], mode=SINGLE, requiredClusterType=UNKNOWN, serverSelectionTimeout='30000 ms', maxWaitQueueSize=500}
2020-12-22 22:04:46.706 [cluster-ClusterId{value='5fe25f6e012f0063d6a503ec', description='null'}-127.0.0.1:27017] INFO  org.mongodb.driver.connection - Opened connection [connectionId{localValue:1, serverValue:36}] to 127.0.0.1:27017
2020-12-22 22:04:46.716 [cluster-ClusterId{value='5fe25f6e012f0063d6a503ec', description='null'}-127.0.0.1:27017] INFO  org.mongodb.driver.cluster - Monitor thread successfully connected to server with description ServerDescription{address=127.0.0.1:27017, type=STANDALONE, state=CONNECTED, ok=true, version=ServerVersion{versionList=[4, 2, 6]}, minWireVersion=0, maxWireVersion=8, maxDocumentSize=16777216, logicalSessionTimeoutMinutes=30, roundTripTimeNanos=6264800}
2020-12-22 22:04:48.041 [main] WARN  o.s.b.w.s.c.AnnotationConfigServletWebServerApplicationContext - Exception encountered during context initialization - cancelling refresh attempt: org.springframework.beans.factory.UnsatisfiedDependencyException: Error creating bean with name 'articlePortalController': Unsatisfied dependency expressed through field 'userControllerApi'; nested exception is org.springframework.beans.factory.BeanCreationException: Error creating bean with name 'com.ltz.news.controller.user.UserControllerApi': FactoryBean threw exception on object creation; nested exception is java.lang.IllegalStateException: Method has too many Body parameters: public abstract com.ltz.news.result.GraceJSONResult com.ltz.news.controller.user.UserControllerApi.updateUserInfo(com.ltz.news.pojo.bo.UpdateUserInfoBO,org.springframework.validation.BindingResult)
Warnings:
- 
2020-12-22 22:04:48.076 [main] INFO  o.a.catalina.core.StandardService - Stopping service [Tomcat]
2020-12-22 22:04:48.096 [main] INFO  o.s.b.a.l.ConditionEvaluationReportLoggingListener - 

Error starting ApplicationContext. To display the conditions report re-run your application with 'debug' enabled.
2020-12-22 22:04:48.124 [main] ERROR o.s.boot.SpringApplication - Application run failed
org.springframework.beans.factory.UnsatisfiedDependencyException: Error creating bean with name 'articlePortalController': Unsatisfied dependency expressed through field 'userControllerApi'; nested exception is org.springframework.beans.factory.BeanCreationException: Error creating bean with name 'com.ltz.news.controller.user.UserControllerApi': FactoryBean threw exception on object creation; nested exception is java.lang.IllegalStateException: Method has too many Body parameters: public abstract com.ltz.news.result.GraceJSONResult com.ltz.news.controller.user.UserControllerApi.updateUserInfo(com.ltz.news.pojo.bo.UpdateUserInfoBO,org.springframework.validation.BindingResult)
Warnings:
- 
	at org.springframework.beans.factory.annotation.AutowiredAnnotationBeanPostProcessor$AutowiredFieldElement.inject(AutowiredAnnotationBeanPostProcessor.java:643)
	at org.springframework.beans.factory.annotation.InjectionMetadata.inject(InjectionMetadata.java:130)
	at org.springframework.beans.factory.annotation.AutowiredAnnotationBeanPostProcessor.postProcessProperties(AutowiredAnnotationBeanPostProcessor.java:399)
	at org.springframework.beans.factory.support.AbstractAutowireCapableBeanFactory.populateBean(AbstractAutowireCapableBeanFactory.java:1422)
	at org.springframework.beans.factory.support.AbstractAutowireCapableBeanFactory.doCreateBean(AbstractAutowireCapableBeanFactory.java:594)
	at org.springframework.beans.factory.support.AbstractAutowireCapableBeanFactory.createBean(AbstractAutowireCapableBeanFactory.java:517)
	at org.springframework.beans.factory.support.AbstractBeanFactory.lambda$doGetBean$0(AbstractBeanFactory.java:323)
	at org.springframework.beans.factory.support.DefaultSingletonBeanRegistry.getSingleton(DefaultSingletonBeanRegistry.java:226)
	at org.springframework.beans.factory.support.AbstractBeanFactory.doGetBean(AbstractBeanFactory.java:321)
	at org.springframework.beans.factory.support.AbstractBeanFactory.getBean(AbstractBeanFactory.java:202)
	at org.springframework.beans.factory.support.DefaultListableBeanFactory.preInstantiateSingletons(DefaultListableBeanFactory.java:893)
	at org.springframework.context.support.AbstractApplicationContext.finishBeanFactoryInitialization(AbstractApplicationContext.java:879)
	at org.springframework.context.support.AbstractApplicationContext.refresh(AbstractApplicationContext.java:551)
	at org.springframework.boot.web.servlet.context.ServletWebServerApplicationContext.refresh(ServletWebServerApplicationContext.java:141)
	at org.springframework.boot.SpringApplication.refresh(SpringApplication.java:747)
	at org.springframework.boot.SpringApplication.refreshContext(SpringApplication.java:397)
	at org.springframework.boot.SpringApplication.run(SpringApplication.java:315)
	at org.springframework.boot.SpringApplication.run(SpringApplication.java:1226)
	at org.springframework.boot.SpringApplication.run(SpringApplication.java:1215)
	at com.ltz.news.ArticleApplication.main(ArticleApplication.java:17)
Caused by: org.springframework.beans.factory.BeanCreationException: Error creating bean with name 'com.ltz.news.controller.user.UserControllerApi': FactoryBean threw exception on object creation; nested exception is java.lang.IllegalStateException: Method has too many Body parameters: public abstract com.ltz.news.result.GraceJSONResult com.ltz.news.controller.user.UserControllerApi.updateUserInfo(com.ltz.news.pojo.bo.UpdateUserInfoBO,org.springframework.validation.BindingResult)
Warnings:
- 
	at org.springframework.beans.factory.support.FactoryBeanRegistrySupport.doGetObjectFromFactoryBean(FactoryBeanRegistrySupport.java:178)
	at org.springframework.beans.factory.support.FactoryBeanRegistrySupport.getObjectFromFactoryBean(FactoryBeanRegistrySupport.java:101)
	at org.springframework.beans.factory.support.AbstractBeanFactory.getObjectForBeanInstance(AbstractBeanFactory.java:1821)
	at org.springframework.beans.factory.support.AbstractAutowireCapableBeanFactory.getObjectForBeanInstance(AbstractAutowireCapableBeanFactory.java:1266)
	at org.springframework.beans.factory.support.AbstractBeanFactory.doGetBean(AbstractBeanFactory.java:260)
	at org.springframework.beans.factory.support.AbstractBeanFactory.getBean(AbstractBeanFactory.java:202)
	at org.springframework.beans.factory.config.DependencyDescriptor.resolveCandidate(DependencyDescriptor.java:276)
	at org.springframework.beans.factory.support.DefaultListableBeanFactory.addCandidateEntry(DefaultListableBeanFactory.java:1529)
	at org.springframework.beans.factory.support.DefaultListableBeanFactory.findAutowireCandidates(DefaultListableBeanFactory.java:1486)
	at org.springframework.beans.factory.support.DefaultListableBeanFactory.doResolveDependency(DefaultListableBeanFactory.java:1267)
	at org.springframework.beans.factory.support.DefaultListableBeanFactory.resolveDependency(DefaultListableBeanFactory.java:1224)
	at org.springframework.beans.factory.annotation.AutowiredAnnotationBeanPostProcessor$AutowiredFieldElement.inject(AutowiredAnnotationBeanPostProcessor.java:640)
	... 19 common frames omitted
Caused by: java.lang.IllegalStateException: Method has too many Body parameters: public abstract com.ltz.news.result.GraceJSONResult com.ltz.news.controller.user.UserControllerApi.updateUserInfo(com.ltz.news.pojo.bo.UpdateUserInfoBO,org.springframework.validation.BindingResult)
Warnings:
- 
	at feign.Util.checkState(Util.java:129)
	at feign.Contract$BaseContract.parseAndValidateMetadata(Contract.java:127)
	at org.springframework.cloud.openfeign.support.SpringMvcContract.parseAndValidateMetadata(SpringMvcContract.java:191)
	at feign.Contract$BaseContract.parseAndValidateMetadata(Contract.java:62)
	at feign.ReflectiveFeign$ParseHandlersByName.apply(ReflectiveFeign.java:151)
	at feign.ReflectiveFeign.newInstance(ReflectiveFeign.java:49)
	at feign.Feign$Builder.target(Feign.java:269)
	at org.springframework.cloud.openfeign.HystrixTargeter.target(HystrixTargeter.java:38)
	at org.springframework.cloud.openfeign.FeignClientFactoryBean.loadBalance(FeignClientFactoryBean.java:292)
	at org.springframework.cloud.openfeign.FeignClientFactoryBean.getTarget(FeignClientFactoryBean.java:321)
	at org.springframework.cloud.openfeign.FeignClientFactoryBean.getObject(FeignClientFactoryBean.java:301)
	at org.springframework.beans.factory.support.FactoryBeanRegistrySupport.doGetObjectFromFactoryBean(FactoryBeanRegistrySupport.java:171)
	... 30 common frames omitted
